{"E:\\mind-care-backend\\app.ts": {"path":"E:\\mind-care-backend\\app.ts","statementMap":{"0":{"start":{"line":2,"column":0},"end":{"line":2,"column":27}},"1":{"start":{"line":3,"column":0},"end":{"line":3,"column":29}},"2":{"start":{"line":5,"column":0},"end":{"line":5,"column":36}},"3":{"start":{"line":6,"column":0},"end":{"line":6,"column":42}},"4":{"start":{"line":7,"column":0},"end":{"line":7,"column":41}},"5":{"start":{"line":8,"column":0},"end":{"line":8,"column":51}},"6":{"start":{"line":9,"column":0},"end":{"line":9,"column":75}},"7":{"start":{"line":10,"column":0},"end":{"line":10,"column":63}},"8":{"start":{"line":11,"column":0},"end":{"line":11,"column":66}},"9":{"start":{"line":12,"column":0},"end":{"line":12,"column":53}},"10":{"start":{"line":13,"column":0},"end":{"line":13,"column":54}},"11":{"start":{"line":16,"column":0},"end":{"line":16,"column":null}},"12":{"start":{"line":19,"column":0},"end":{"line":19,"column":null}},"13":{"start":{"line":21,"column":17},"end":{"line":21,"column":28}},"14":{"start":{"line":22,"column":24},"end":{"line":22,"column":33}},"15":{"start":{"line":23,"column":25},"end":{"line":23,"column":34}},"16":{"start":{"line":24,"column":20},"end":{"line":24,"column":41}},"17":{"start":{"line":29,"column":0},"end":{"line":29,"column":44}},"18":{"start":{"line":30,"column":0},"end":{"line":30,"column":57}},"19":{"start":{"line":33,"column":0},"end":{"line":33,"column":24}},"20":{"start":{"line":34,"column":0},"end":{"line":34,"column":27}},"21":{"start":{"line":35,"column":0},"end":{"line":35,"column":51}},"22":{"start":{"line":38,"column":0},"end":{"line":38,"column":20}},"23":{"start":{"line":41,"column":0},"end":{"line":41,"column":null}},"24":{"start":{"line":42,"column":0},"end":{"line":42,"column":null}},"25":{"start":{"line":43,"column":0},"end":{"line":43,"column":null}},"26":{"start":{"line":46,"column":0},"end":{"line":48,"column":null}},"27":{"start":{"line":47,"column":1},"end":{"line":47,"column":null}},"28":{"start":{"line":50,"column":13},"end":{"line":52,"column":null}},"29":{"start":{"line":51,"column":1},"end":{"line":51,"column":null}},"30":{"start":{"line":57,"column":0},"end":{"line":57,"column":null}}},"fnMap":{"0":{"name":"(anonymous_1)","decl":{"start":{"line":46,"column":22},"end":{"line":46,"column":23}},"loc":{"start":{"line":46,"column":40},"end":{"line":48,"column":1}}},"1":{"name":"(anonymous_2)","decl":{"start":{"line":50,"column":40},"end":{"line":50,"column":43}},"loc":{"start":{"line":50,"column":45},"end":{"line":52,"column":1}}}},"branchMap":{},"s":{"0":4,"1":4,"2":4,"3":4,"4":4,"5":4,"6":4,"7":4,"8":4,"9":4,"10":4,"11":4,"12":4,"13":4,"14":4,"15":4,"16":4,"17":4,"18":4,"19":4,"20":4,"21":4,"22":4,"23":4,"24":4,"25":4,"26":4,"27":1,"28":4,"29":4,"30":4},"f":{"0":1,"1":4},"b":{}}
,"E:\\mind-care-backend\\src\\config\\db.config.ts": {"path":"E:\\mind-care-backend\\src\\config\\db.config.ts","statementMap":{"0":{"start":{"line":1,"column":0},"end":{"line":1,"column":32}},"1":{"start":{"line":2,"column":0},"end":{"line":2,"column":27}},"2":{"start":{"line":4,"column":38},"end":{"line":4,"column":79}},"3":{"start":{"line":5,"column":0},"end":{"line":5,"column":null}},"4":{"start":{"line":6,"column":23},"end":{"line":18,"column":1}},"5":{"start":{"line":8,"column":2},"end":{"line":16,"column":null}},"6":{"start":{"line":9,"column":4},"end":{"line":9,"column":null}},"7":{"start":{"line":10,"column":4},"end":{"line":10,"column":null}},"8":{"start":{"line":13,"column":4},"end":{"line":13,"column":62}},"9":{"start":{"line":14,"column":4},"end":{"line":14,"column":25}},"10":{"start":{"line":15,"column":4},"end":{"line":15,"column":20}},"11":{"start":{"line":6,"column":13},"end":{"line":6,"column":23}},"12":{"start":{"line":20,"column":26},"end":{"line":22,"column":1}},"13":{"start":{"line":21,"column":2},"end":{"line":21,"column":null}},"14":{"start":{"line":20,"column":13},"end":{"line":20,"column":26}}},"fnMap":{"0":{"name":"(anonymous_1)","decl":{"start":{"line":6,"column":23},"end":{"line":6,"column":28}},"loc":{"start":{"line":6,"column":34},"end":{"line":18,"column":1}}},"1":{"name":"(anonymous_2)","decl":{"start":{"line":20,"column":26},"end":{"line":20,"column":31}},"loc":{"start":{"line":20,"column":37},"end":{"line":22,"column":1}}}},"branchMap":{"0":{"loc":{"start":{"line":4,"column":38},"end":{"line":4,"column":79}},"type":"binary-expr","locations":[{"start":{"line":4,"column":38},"end":{"line":4,"column":73}},{"start":{"line":4,"column":77},"end":{"line":4,"column":79}}]}},"s":{"0":4,"1":4,"2":4,"3":4,"4":4,"5":9,"6":9,"7":9,"8":0,"9":0,"10":0,"11":4,"12":4,"13":5,"14":4},"f":{"0":9,"1":5},"b":{"0":[4,0]}}
,"E:\\mind-care-backend\\src\\config\\stripe.config.ts": {"path":"E:\\mind-care-backend\\src\\config\\stripe.config.ts","statementMap":{"0":{"start":{"line":1,"column":0},"end":{"line":1,"column":28}},"1":{"start":{"line":2,"column":0},"end":{"line":2,"column":27}},"2":{"start":{"line":3,"column":42},"end":{"line":3,"column":87}},"3":{"start":{"line":4,"column":13},"end":{"line":4,"column":null}},"4":{"start":{"line":5,"column":13},"end":{"line":7,"column":3}}},"fnMap":{},"branchMap":{"0":{"loc":{"start":{"line":3,"column":42},"end":{"line":3,"column":87}},"type":"binary-expr","locations":[{"start":{"line":3,"column":42},"end":{"line":3,"column":81}},{"start":{"line":3,"column":85},"end":{"line":3,"column":87}}]},"1":{"loc":{"start":{"line":4,"column":43},"end":{"line":4,"column":82}},"type":"binary-expr","locations":[{"start":{"line":4,"column":43},"end":{"line":4,"column":76}},{"start":{"line":4,"column":80},"end":{"line":4,"column":82}}]}},"s":{"0":4,"1":4,"2":4,"3":4,"4":4},"f":{},"b":{"0":[4,0],"1":[4,0]}}
,"E:\\mind-care-backend\\src\\controllers\\admin.controller.ts": {"path":"E:\\mind-care-backend\\src\\controllers\\admin.controller.ts","statementMap":{"0":{"start":{"line":4,"column":0},"end":{"line":4,"column":54}},"1":{"start":{"line":6,"column":0},"end":{"line":6,"column":63}},"2":{"start":{"line":8,"column":37},"end":{"line":22,"column":1}},"3":{"start":{"line":9,"column":15},"end":{"line":12,"column":3}},"4":{"start":{"line":13,"column":1},"end":{"line":14,"column":null}},"5":{"start":{"line":14,"column":2},"end":{"line":14,"column":null}},"6":{"start":{"line":15,"column":16},"end":{"line":15,"column":34}},"7":{"start":{"line":16,"column":39},"end":{"line":16,"column":45}},"8":{"start":{"line":17,"column":1},"end":{"line":21,"column":57}},"9":{"start":{"line":18,"column":2},"end":{"line":18,"column":107}},"10":{"start":{"line":21,"column":2},"end":{"line":21,"column":57}},"11":{"start":{"line":8,"column":13},"end":{"line":8,"column":37}},"12":{"start":{"line":23,"column":38},"end":{"line":30,"column":1}},"13":{"start":{"line":24,"column":1},"end":{"line":29,"column":null}},"14":{"start":{"line":25,"column":16},"end":{"line":25,"column":44}},"15":{"start":{"line":26,"column":2},"end":{"line":26,"column":80}},"16":{"start":{"line":28,"column":2},"end":{"line":28,"column":46}},"17":{"start":{"line":23,"column":13},"end":{"line":23,"column":38}},"18":{"start":{"line":31,"column":43},"end":{"line":40,"column":1}},"19":{"start":{"line":32,"column":15},"end":{"line":32,"column":28}},"20":{"start":{"line":33,"column":16},"end":{"line":33,"column":34}},"21":{"start":{"line":34,"column":39},"end":{"line":34,"column":45}},"22":{"start":{"line":35,"column":1},"end":{"line":39,"column":52}},"23":{"start":{"line":36,"column":2},"end":{"line":36,"column":90}},"24":{"start":{"line":39,"column":2},"end":{"line":39,"column":52}},"25":{"start":{"line":31,"column":13},"end":{"line":31,"column":43}}},"fnMap":{"0":{"name":"(anonymous_0)","decl":{"start":{"line":8,"column":37},"end":{"line":8,"column":42}},"loc":{"start":{"line":8,"column":75},"end":{"line":22,"column":1}}},"1":{"name":"(anonymous_1)","decl":{"start":{"line":23,"column":38},"end":{"line":23,"column":43}},"loc":{"start":{"line":23,"column":76},"end":{"line":30,"column":1}}},"2":{"name":"(anonymous_2)","decl":{"start":{"line":31,"column":43},"end":{"line":31,"column":44}},"loc":{"start":{"line":31,"column":95},"end":{"line":40,"column":1}}}},"branchMap":{"0":{"loc":{"start":{"line":13,"column":1},"end":{"line":14,"column":null}},"type":"if","locations":[{"start":{"line":13,"column":1},"end":{"line":14,"column":null}}]},"1":{"loc":{"start":{"line":13,"column":5},"end":{"line":13,"column":40}},"type":"binary-expr","locations":[{"start":{"line":13,"column":5},"end":{"line":13,"column":18}},{"start":{"line":13,"column":22},"end":{"line":13,"column":40}}]},"2":{"loc":{"start":{"line":17,"column":1},"end":{"line":21,"column":57}},"type":"if","locations":[{"start":{"line":17,"column":1},"end":{"line":21,"column":57}},{"start":{"line":21,"column":2},"end":{"line":21,"column":57}}]},"3":{"loc":{"start":{"line":17,"column":5},"end":{"line":17,"column":42}},"type":"binary-expr","locations":[{"start":{"line":17,"column":5},"end":{"line":17,"column":19}},{"start":{"line":17,"column":23},"end":{"line":17,"column":42}}]},"4":{"loc":{"start":{"line":35,"column":1},"end":{"line":39,"column":52}},"type":"if","locations":[{"start":{"line":35,"column":1},"end":{"line":39,"column":52}},{"start":{"line":39,"column":2},"end":{"line":39,"column":52}}]},"5":{"loc":{"start":{"line":35,"column":5},"end":{"line":35,"column":42}},"type":"binary-expr","locations":[{"start":{"line":35,"column":5},"end":{"line":35,"column":19}},{"start":{"line":35,"column":23},"end":{"line":35,"column":42}}]}},"s":{"0":4,"1":4,"2":4,"3":0,"4":0,"5":0,"6":0,"7":0,"8":0,"9":0,"10":0,"11":4,"12":4,"13":0,"14":0,"15":0,"16":0,"17":4,"18":4,"19":0,"20":0,"21":0,"22":0,"23":0,"24":0,"25":4},"f":{"0":0,"1":0,"2":0},"b":{"0":[0],"1":[0,0],"2":[0,0],"3":[0,0],"4":[0,0],"5":[0,0]}}
,"E:\\mind-care-backend\\src\\controllers\\client.controller.ts": {"path":"E:\\mind-care-backend\\src\\controllers\\client.controller.ts","statementMap":{"0":{"start":{"line":2,"column":0},"end":{"line":2,"column":57}},"1":{"start":{"line":3,"column":0},"end":{"line":3,"column":63}},"2":{"start":{"line":4,"column":0},"end":{"line":4,"column":77}},"3":{"start":{"line":5,"column":0},"end":{"line":5,"column":27}},"4":{"start":{"line":7,"column":48},"end":{"line":23,"column":1}},"5":{"start":{"line":9,"column":1},"end":{"line":22,"column":null}},"6":{"start":{"line":11,"column":16},"end":{"line":11,"column":30}},"7":{"start":{"line":12,"column":19},"end":{"line":12,"column":36}},"8":{"start":{"line":13,"column":2},"end":{"line":18,"column":null}},"9":{"start":{"line":19,"column":2},"end":{"line":19,"column":null}},"10":{"start":{"line":21,"column":2},"end":{"line":21,"column":null}},"11":{"start":{"line":7,"column":13},"end":{"line":7,"column":48}},"12":{"start":{"line":24,"column":45},"end":{"line":35,"column":1}},"13":{"start":{"line":25,"column":15},"end":{"line":25,"column":29}},"14":{"start":{"line":26,"column":16},"end":{"line":28,"column":3}},"15":{"start":{"line":29,"column":1},"end":{"line":30,"column":null}},"16":{"start":{"line":30,"column":2},"end":{"line":30,"column":null}},"17":{"start":{"line":31,"column":15},"end":{"line":31,"column":53}},"18":{"start":{"line":32,"column":14},"end":{"line":32,"column":22}},"19":{"start":{"line":33,"column":1},"end":{"line":33,"column":null}},"20":{"start":{"line":34,"column":1},"end":{"line":34,"column":null}},"21":{"start":{"line":24,"column":13},"end":{"line":24,"column":45}},"22":{"start":{"line":36,"column":45},"end":{"line":49,"column":1}},"23":{"start":{"line":37,"column":1},"end":{"line":48,"column":null}},"24":{"start":{"line":38,"column":2},"end":{"line":44,"column":null}},"25":{"start":{"line":45,"column":2},"end":{"line":45,"column":null}},"26":{"start":{"line":47,"column":2},"end":{"line":47,"column":null}},"27":{"start":{"line":36,"column":13},"end":{"line":36,"column":45}},"28":{"start":{"line":50,"column":53},"end":{"line":56,"column":1}},"29":{"start":{"line":51,"column":15},"end":{"line":51,"column":53}},"30":{"start":{"line":52,"column":14},"end":{"line":52,"column":22}},"31":{"start":{"line":53,"column":15},"end":{"line":53,"column":29}},"32":{"start":{"line":54,"column":1},"end":{"line":54,"column":null}},"33":{"start":{"line":55,"column":1},"end":{"line":55,"column":null}},"34":{"start":{"line":50,"column":13},"end":{"line":50,"column":53}},"35":{"start":{"line":57,"column":21},"end":{"line":90,"column":1}},"36":{"start":{"line":59,"column":16},"end":{"line":61,"column":3}},"37":{"start":{"line":64,"column":1},"end":{"line":66,"column":null}},"38":{"start":{"line":65,"column":2},"end":{"line":65,"column":null}},"39":{"start":{"line":68,"column":1},"end":{"line":77,"column":null}},"40":{"start":{"line":70,"column":2},"end":{"line":73,"column":null}},"41":{"start":{"line":75,"column":2},"end":{"line":76,"column":null}},"42":{"start":{"line":76,"column":3},"end":{"line":76,"column":null}},"43":{"start":{"line":80,"column":16},"end":{"line":80,"column":35}},"44":{"start":{"line":81,"column":39},"end":{"line":81,"column":45}},"45":{"start":{"line":82,"column":1},"end":{"line":89,"column":77}},"46":{"start":{"line":85,"column":2},"end":{"line":85,"column":115}},"47":{"start":{"line":89,"column":2},"end":{"line":89,"column":77}},"48":{"start":{"line":57,"column":13},"end":{"line":57,"column":21}},"49":{"start":{"line":91,"column":38},"end":{"line":112,"column":1}},"50":{"start":{"line":94,"column":16},"end":{"line":96,"column":3}},"51":{"start":{"line":99,"column":1},"end":{"line":101,"column":null}},"52":{"start":{"line":100,"column":2},"end":{"line":100,"column":null}},"53":{"start":{"line":103,"column":1},"end":{"line":110,"column":null}},"54":{"start":{"line":104,"column":2},"end":{"line":104,"column":41}},"55":{"start":{"line":105,"column":2},"end":{"line":106,"column":89}},"56":{"start":{"line":106,"column":2},"end":{"line":106,"column":89}},"57":{"start":{"line":108,"column":2},"end":{"line":108,"column":null}},"58":{"start":{"line":109,"column":2},"end":{"line":109,"column":100}},"59":{"start":{"line":91,"column":13},"end":{"line":91,"column":38}},"60":{"start":{"line":113,"column":43},"end":{"line":122,"column":1}},"61":{"start":{"line":114,"column":16},"end":{"line":114,"column":29}},"62":{"start":{"line":115,"column":16},"end":{"line":115,"column":35}},"63":{"start":{"line":116,"column":39},"end":{"line":116,"column":45}},"64":{"start":{"line":117,"column":1},"end":{"line":121,"column":52}},"65":{"start":{"line":118,"column":2},"end":{"line":118,"column":90}},"66":{"start":{"line":121,"column":2},"end":{"line":121,"column":52}},"67":{"start":{"line":113,"column":13},"end":{"line":113,"column":43}}},"fnMap":{"0":{"name":"(anonymous_1)","decl":{"start":{"line":7,"column":48},"end":{"line":7,"column":53}},"loc":{"start":{"line":7,"column":86},"end":{"line":23,"column":1}}},"1":{"name":"(anonymous_2)","decl":{"start":{"line":24,"column":45},"end":{"line":24,"column":50}},"loc":{"start":{"line":24,"column":103},"end":{"line":35,"column":1}}},"2":{"name":"(anonymous_3)","decl":{"start":{"line":36,"column":45},"end":{"line":36,"column":50}},"loc":{"start":{"line":36,"column":83},"end":{"line":49,"column":1}}},"3":{"name":"(anonymous_4)","decl":{"start":{"line":50,"column":53},"end":{"line":50,"column":58}},"loc":{"start":{"line":50,"column":111},"end":{"line":56,"column":1}}},"4":{"name":"(anonymous_5)","decl":{"start":{"line":57,"column":21},"end":{"line":57,"column":26}},"loc":{"start":{"line":57,"column":59},"end":{"line":90,"column":1}}},"5":{"name":"(anonymous_6)","decl":{"start":{"line":91,"column":38},"end":{"line":91,"column":43}},"loc":{"start":{"line":91,"column":76},"end":{"line":112,"column":1}}},"6":{"name":"(anonymous_7)","decl":{"start":{"line":113,"column":43},"end":{"line":113,"column":44}},"loc":{"start":{"line":113,"column":75},"end":{"line":122,"column":1}}}},"branchMap":{"0":{"loc":{"start":{"line":29,"column":1},"end":{"line":30,"column":null}},"type":"if","locations":[{"start":{"line":29,"column":1},"end":{"line":30,"column":null}}]},"1":{"loc":{"start":{"line":29,"column":5},"end":{"line":29,"column":42}},"type":"binary-expr","locations":[{"start":{"line":29,"column":5},"end":{"line":29,"column":19}},{"start":{"line":29,"column":23},"end":{"line":29,"column":42}}]},"2":{"loc":{"start":{"line":64,"column":1},"end":{"line":66,"column":null}},"type":"if","locations":[{"start":{"line":64,"column":1},"end":{"line":66,"column":null}}]},"3":{"loc":{"start":{"line":64,"column":5},"end":{"line":64,"column":42}},"type":"binary-expr","locations":[{"start":{"line":64,"column":5},"end":{"line":64,"column":19}},{"start":{"line":64,"column":23},"end":{"line":64,"column":42}}]},"4":{"loc":{"start":{"line":68,"column":1},"end":{"line":77,"column":null}},"type":"if","locations":[{"start":{"line":68,"column":1},"end":{"line":77,"column":null}}]},"5":{"loc":{"start":{"line":75,"column":2},"end":{"line":76,"column":null}},"type":"if","locations":[{"start":{"line":75,"column":2},"end":{"line":76,"column":null}}]},"6":{"loc":{"start":{"line":75,"column":6},"end":{"line":75,"column":43}},"type":"binary-expr","locations":[{"start":{"line":75,"column":6},"end":{"line":75,"column":20}},{"start":{"line":75,"column":24},"end":{"line":75,"column":43}}]},"7":{"loc":{"start":{"line":82,"column":1},"end":{"line":89,"column":77}},"type":"if","locations":[{"start":{"line":82,"column":1},"end":{"line":89,"column":77}},{"start":{"line":89,"column":2},"end":{"line":89,"column":77}}]},"8":{"loc":{"start":{"line":82,"column":5},"end":{"line":82,"column":61}},"type":"binary-expr","locations":[{"start":{"line":82,"column":5},"end":{"line":82,"column":19}},{"start":{"line":82,"column":23},"end":{"line":82,"column":42}},{"start":{"line":82,"column":46},"end":{"line":82,"column":61}}]},"9":{"loc":{"start":{"line":99,"column":1},"end":{"line":101,"column":null}},"type":"if","locations":[{"start":{"line":99,"column":1},"end":{"line":101,"column":null}}]},"10":{"loc":{"start":{"line":99,"column":5},"end":{"line":99,"column":42}},"type":"binary-expr","locations":[{"start":{"line":99,"column":5},"end":{"line":99,"column":19}},{"start":{"line":99,"column":23},"end":{"line":99,"column":42}}]},"11":{"loc":{"start":{"line":105,"column":2},"end":{"line":106,"column":89}},"type":"if","locations":[{"start":{"line":105,"column":2},"end":{"line":106,"column":89}}]},"12":{"loc":{"start":{"line":105,"column":6},"end":{"line":105,"column":43}},"type":"binary-expr","locations":[{"start":{"line":105,"column":6},"end":{"line":105,"column":20}},{"start":{"line":105,"column":24},"end":{"line":105,"column":43}}]},"13":{"loc":{"start":{"line":117,"column":1},"end":{"line":121,"column":52}},"type":"if","locations":[{"start":{"line":117,"column":1},"end":{"line":121,"column":52}},{"start":{"line":121,"column":2},"end":{"line":121,"column":52}}]},"14":{"loc":{"start":{"line":117,"column":5},"end":{"line":117,"column":42}},"type":"binary-expr","locations":[{"start":{"line":117,"column":5},"end":{"line":117,"column":19}},{"start":{"line":117,"column":23},"end":{"line":117,"column":42}}]}},"s":{"0":4,"1":4,"2":4,"3":4,"4":4,"5":0,"6":0,"7":0,"8":0,"9":0,"10":0,"11":4,"12":4,"13":0,"14":0,"15":0,"16":0,"17":0,"18":0,"19":0,"20":0,"21":4,"22":4,"23":0,"24":0,"25":0,"26":0,"27":4,"28":4,"29":0,"30":0,"31":0,"32":0,"33":0,"34":4,"35":4,"36":0,"37":0,"38":0,"39":0,"40":0,"41":0,"42":0,"43":0,"44":0,"45":0,"46":0,"47":0,"48":4,"49":4,"50":0,"51":0,"52":0,"53":0,"54":0,"55":0,"56":0,"57":0,"58":0,"59":4,"60":4,"61":0,"62":0,"63":0,"64":0,"65":0,"66":0,"67":4},"f":{"0":0,"1":0,"2":0,"3":0,"4":0,"5":0,"6":0},"b":{"0":[0],"1":[0,0],"2":[0],"3":[0,0],"4":[0],"5":[0],"6":[0,0],"7":[0,0],"8":[0,0,0],"9":[0],"10":[0,0],"11":[0],"12":[0,0],"13":[0,0],"14":[0,0]}}
,"E:\\mind-care-backend\\src\\controllers\\journal.controller.ts": {"path":"E:\\mind-care-backend\\src\\controllers\\journal.controller.ts","statementMap":{"0":{"start":{"line":4,"column":0},"end":{"line":4,"column":80}},"1":{"start":{"line":6,"column":50},"end":{"line":15,"column":1}},"2":{"start":{"line":7,"column":26},"end":{"line":7,"column":43}},"3":{"start":{"line":9,"column":1},"end":{"line":13,"column":null}},"4":{"start":{"line":10,"column":2},"end":{"line":10,"column":null}},"5":{"start":{"line":12,"column":2},"end":{"line":12,"column":null}},"6":{"start":{"line":14,"column":1},"end":{"line":14,"column":null}},"7":{"start":{"line":6,"column":13},"end":{"line":6,"column":50}},"8":{"start":{"line":16,"column":53},"end":{"line":25,"column":1}},"9":{"start":{"line":17,"column":26},"end":{"line":17,"column":34}},"10":{"start":{"line":19,"column":1},"end":{"line":23,"column":null}},"11":{"start":{"line":20,"column":2},"end":{"line":20,"column":null}},"12":{"start":{"line":22,"column":2},"end":{"line":22,"column":null}},"13":{"start":{"line":24,"column":1},"end":{"line":24,"column":null}},"14":{"start":{"line":16,"column":13},"end":{"line":16,"column":53}},"15":{"start":{"line":26,"column":53},"end":{"line":35,"column":1}},"16":{"start":{"line":27,"column":26},"end":{"line":27,"column":44}},"17":{"start":{"line":29,"column":1},"end":{"line":33,"column":null}},"18":{"start":{"line":30,"column":2},"end":{"line":30,"column":null}},"19":{"start":{"line":32,"column":2},"end":{"line":32,"column":null}},"20":{"start":{"line":34,"column":1},"end":{"line":34,"column":null}},"21":{"start":{"line":26,"column":13},"end":{"line":26,"column":53}},"22":{"start":{"line":37,"column":0},"end":{"line":37,"column":90}},"23":{"start":{"line":39,"column":55},"end":{"line":48,"column":1}},"24":{"start":{"line":40,"column":31},"end":{"line":40,"column":48}},"25":{"start":{"line":42,"column":1},"end":{"line":46,"column":null}},"26":{"start":{"line":43,"column":2},"end":{"line":43,"column":null}},"27":{"start":{"line":45,"column":2},"end":{"line":45,"column":null}},"28":{"start":{"line":47,"column":1},"end":{"line":47,"column":null}},"29":{"start":{"line":39,"column":13},"end":{"line":39,"column":55}},"30":{"start":{"line":50,"column":58},"end":{"line":59,"column":1}},"31":{"start":{"line":51,"column":31},"end":{"line":51,"column":39}},"32":{"start":{"line":53,"column":1},"end":{"line":57,"column":null}},"33":{"start":{"line":54,"column":2},"end":{"line":54,"column":null}},"34":{"start":{"line":56,"column":2},"end":{"line":56,"column":null}},"35":{"start":{"line":58,"column":1},"end":{"line":58,"column":null}},"36":{"start":{"line":50,"column":13},"end":{"line":50,"column":58}},"37":{"start":{"line":61,"column":58},"end":{"line":70,"column":1}},"38":{"start":{"line":62,"column":31},"end":{"line":62,"column":49}},"39":{"start":{"line":64,"column":1},"end":{"line":68,"column":null}},"40":{"start":{"line":65,"column":2},"end":{"line":65,"column":null}},"41":{"start":{"line":67,"column":2},"end":{"line":67,"column":null}},"42":{"start":{"line":69,"column":1},"end":{"line":69,"column":null}},"43":{"start":{"line":61,"column":13},"end":{"line":61,"column":58}},"44":{"start":{"line":72,"column":0},"end":{"line":72,"column":84}},"45":{"start":{"line":74,"column":53},"end":{"line":84,"column":1}},"46":{"start":{"line":75,"column":28},"end":{"line":75,"column":45}},"47":{"start":{"line":77,"column":1},"end":{"line":81,"column":null}},"48":{"start":{"line":78,"column":2},"end":{"line":78,"column":null}},"49":{"start":{"line":80,"column":2},"end":{"line":80,"column":null}},"50":{"start":{"line":82,"column":1},"end":{"line":82,"column":null}},"51":{"start":{"line":74,"column":13},"end":{"line":74,"column":53}},"52":{"start":{"line":86,"column":56},"end":{"line":96,"column":1}},"53":{"start":{"line":87,"column":28},"end":{"line":87,"column":36}},"54":{"start":{"line":89,"column":1},"end":{"line":93,"column":null}},"55":{"start":{"line":90,"column":2},"end":{"line":90,"column":null}},"56":{"start":{"line":92,"column":2},"end":{"line":92,"column":null}},"57":{"start":{"line":94,"column":1},"end":{"line":94,"column":null}},"58":{"start":{"line":86,"column":13},"end":{"line":86,"column":56}},"59":{"start":{"line":98,"column":56},"end":{"line":109,"column":1}},"60":{"start":{"line":99,"column":28},"end":{"line":99,"column":46}},"61":{"start":{"line":101,"column":1},"end":{"line":105,"column":null}},"62":{"start":{"line":102,"column":2},"end":{"line":102,"column":null}},"63":{"start":{"line":104,"column":2},"end":{"line":104,"column":null}},"64":{"start":{"line":106,"column":1},"end":{"line":106,"column":null}},"65":{"start":{"line":98,"column":13},"end":{"line":98,"column":56}},"66":{"start":{"line":111,"column":0},"end":{"line":111,"column":92}},"67":{"start":{"line":113,"column":57},"end":{"line":122,"column":1}},"68":{"start":{"line":114,"column":32},"end":{"line":114,"column":49}},"69":{"start":{"line":116,"column":1},"end":{"line":120,"column":null}},"70":{"start":{"line":117,"column":2},"end":{"line":117,"column":null}},"71":{"start":{"line":119,"column":2},"end":{"line":119,"column":null}},"72":{"start":{"line":121,"column":1},"end":{"line":121,"column":null}},"73":{"start":{"line":113,"column":13},"end":{"line":113,"column":57}},"74":{"start":{"line":124,"column":60},"end":{"line":133,"column":1}},"75":{"start":{"line":125,"column":32},"end":{"line":125,"column":40}},"76":{"start":{"line":127,"column":1},"end":{"line":131,"column":null}},"77":{"start":{"line":128,"column":2},"end":{"line":128,"column":null}},"78":{"start":{"line":130,"column":2},"end":{"line":130,"column":null}},"79":{"start":{"line":132,"column":1},"end":{"line":132,"column":null}},"80":{"start":{"line":124,"column":13},"end":{"line":124,"column":60}},"81":{"start":{"line":135,"column":60},"end":{"line":145,"column":1}},"82":{"start":{"line":136,"column":32},"end":{"line":136,"column":50}},"83":{"start":{"line":138,"column":1},"end":{"line":142,"column":null}},"84":{"start":{"line":139,"column":2},"end":{"line":139,"column":null}},"85":{"start":{"line":141,"column":2},"end":{"line":141,"column":null}},"86":{"start":{"line":143,"column":1},"end":{"line":143,"column":null}},"87":{"start":{"line":135,"column":13},"end":{"line":135,"column":60}},"88":{"start":{"line":147,"column":0},"end":{"line":147,"column":82}},"89":{"start":{"line":149,"column":52},"end":{"line":159,"column":1}},"90":{"start":{"line":150,"column":27},"end":{"line":150,"column":44}},"91":{"start":{"line":152,"column":1},"end":{"line":156,"column":null}},"92":{"start":{"line":153,"column":2},"end":{"line":153,"column":null}},"93":{"start":{"line":155,"column":2},"end":{"line":155,"column":null}},"94":{"start":{"line":157,"column":1},"end":{"line":157,"column":null}},"95":{"start":{"line":149,"column":13},"end":{"line":149,"column":52}},"96":{"start":{"line":160,"column":55},"end":{"line":170,"column":1}},"97":{"start":{"line":161,"column":27},"end":{"line":161,"column":35}},"98":{"start":{"line":163,"column":1},"end":{"line":167,"column":null}},"99":{"start":{"line":164,"column":2},"end":{"line":164,"column":null}},"100":{"start":{"line":166,"column":2},"end":{"line":166,"column":null}},"101":{"start":{"line":168,"column":1},"end":{"line":168,"column":null}},"102":{"start":{"line":160,"column":13},"end":{"line":160,"column":55}},"103":{"start":{"line":172,"column":55},"end":{"line":182,"column":1}},"104":{"start":{"line":173,"column":27},"end":{"line":173,"column":45}},"105":{"start":{"line":175,"column":1},"end":{"line":179,"column":null}},"106":{"start":{"line":176,"column":2},"end":{"line":176,"column":null}},"107":{"start":{"line":178,"column":2},"end":{"line":178,"column":null}},"108":{"start":{"line":180,"column":1},"end":{"line":180,"column":null}},"109":{"start":{"line":172,"column":13},"end":{"line":172,"column":55}},"110":{"start":{"line":183,"column":0},"end":{"line":183,"column":70}},"111":{"start":{"line":185,"column":46},"end":{"line":195,"column":1}},"112":{"start":{"line":186,"column":21},"end":{"line":186,"column":38}},"113":{"start":{"line":188,"column":1},"end":{"line":192,"column":null}},"114":{"start":{"line":189,"column":2},"end":{"line":189,"column":null}},"115":{"start":{"line":191,"column":2},"end":{"line":191,"column":null}},"116":{"start":{"line":193,"column":1},"end":{"line":193,"column":null}},"117":{"start":{"line":185,"column":13},"end":{"line":185,"column":46}},"118":{"start":{"line":197,"column":49},"end":{"line":206,"column":1}},"119":{"start":{"line":198,"column":21},"end":{"line":198,"column":29}},"120":{"start":{"line":200,"column":1},"end":{"line":204,"column":null}},"121":{"start":{"line":201,"column":2},"end":{"line":201,"column":null}},"122":{"start":{"line":203,"column":2},"end":{"line":203,"column":null}},"123":{"start":{"line":205,"column":1},"end":{"line":205,"column":null}},"124":{"start":{"line":197,"column":13},"end":{"line":197,"column":49}},"125":{"start":{"line":208,"column":49},"end":{"line":217,"column":1}},"126":{"start":{"line":209,"column":21},"end":{"line":209,"column":39}},"127":{"start":{"line":211,"column":1},"end":{"line":215,"column":null}},"128":{"start":{"line":212,"column":2},"end":{"line":212,"column":null}},"129":{"start":{"line":214,"column":2},"end":{"line":214,"column":null}},"130":{"start":{"line":216,"column":1},"end":{"line":216,"column":null}},"131":{"start":{"line":208,"column":13},"end":{"line":208,"column":49}},"132":{"start":{"line":219,"column":0},"end":{"line":219,"column":142}},"133":{"start":{"line":221,"column":82},"end":{"line":232,"column":1}},"134":{"start":{"line":223,"column":57},"end":{"line":223,"column":74}},"135":{"start":{"line":225,"column":1},"end":{"line":229,"column":null}},"136":{"start":{"line":226,"column":2},"end":{"line":226,"column":null}},"137":{"start":{"line":228,"column":2},"end":{"line":228,"column":null}},"138":{"start":{"line":230,"column":1},"end":{"line":230,"column":null}},"139":{"start":{"line":221,"column":13},"end":{"line":221,"column":82}},"140":{"start":{"line":234,"column":85},"end":{"line":244,"column":1}},"141":{"start":{"line":235,"column":57},"end":{"line":235,"column":65}},"142":{"start":{"line":237,"column":1},"end":{"line":241,"column":null}},"143":{"start":{"line":238,"column":2},"end":{"line":238,"column":null}},"144":{"start":{"line":240,"column":2},"end":{"line":240,"column":null}},"145":{"start":{"line":242,"column":1},"end":{"line":242,"column":null}},"146":{"start":{"line":234,"column":13},"end":{"line":234,"column":85}},"147":{"start":{"line":246,"column":85},"end":{"line":256,"column":1}},"148":{"start":{"line":247,"column":57},"end":{"line":247,"column":75}},"149":{"start":{"line":249,"column":1},"end":{"line":253,"column":null}},"150":{"start":{"line":250,"column":2},"end":{"line":250,"column":null}},"151":{"start":{"line":252,"column":2},"end":{"line":252,"column":null}},"152":{"start":{"line":254,"column":1},"end":{"line":254,"column":null}},"153":{"start":{"line":246,"column":13},"end":{"line":246,"column":85}},"154":{"start":{"line":257,"column":0},"end":{"line":257,"column":90}},"155":{"start":{"line":259,"column":56},"end":{"line":269,"column":1}},"156":{"start":{"line":260,"column":31},"end":{"line":260,"column":48}},"157":{"start":{"line":262,"column":1},"end":{"line":266,"column":null}},"158":{"start":{"line":263,"column":2},"end":{"line":263,"column":null}},"159":{"start":{"line":265,"column":2},"end":{"line":265,"column":null}},"160":{"start":{"line":267,"column":1},"end":{"line":267,"column":null}},"161":{"start":{"line":259,"column":13},"end":{"line":259,"column":56}},"162":{"start":{"line":271,"column":59},"end":{"line":280,"column":1}},"163":{"start":{"line":272,"column":31},"end":{"line":272,"column":39}},"164":{"start":{"line":274,"column":1},"end":{"line":278,"column":null}},"165":{"start":{"line":275,"column":2},"end":{"line":275,"column":null}},"166":{"start":{"line":277,"column":2},"end":{"line":277,"column":null}},"167":{"start":{"line":279,"column":1},"end":{"line":279,"column":null}},"168":{"start":{"line":271,"column":13},"end":{"line":271,"column":59}},"169":{"start":{"line":282,"column":59},"end":{"line":291,"column":1}},"170":{"start":{"line":283,"column":31},"end":{"line":283,"column":49}},"171":{"start":{"line":285,"column":1},"end":{"line":289,"column":null}},"172":{"start":{"line":286,"column":2},"end":{"line":286,"column":null}},"173":{"start":{"line":288,"column":2},"end":{"line":288,"column":null}},"174":{"start":{"line":290,"column":1},"end":{"line":290,"column":null}},"175":{"start":{"line":282,"column":13},"end":{"line":282,"column":59}},"176":{"start":{"line":292,"column":0},"end":{"line":292,"column":96}},"177":{"start":{"line":294,"column":63},"end":{"line":303,"column":1}},"178":{"start":{"line":295,"column":37},"end":{"line":295,"column":54}},"179":{"start":{"line":297,"column":1},"end":{"line":301,"column":null}},"180":{"start":{"line":298,"column":2},"end":{"line":298,"column":null}},"181":{"start":{"line":300,"column":2},"end":{"line":300,"column":null}},"182":{"start":{"line":302,"column":1},"end":{"line":302,"column":null}},"183":{"start":{"line":294,"column":13},"end":{"line":294,"column":63}},"184":{"start":{"line":305,"column":66},"end":{"line":315,"column":1}},"185":{"start":{"line":306,"column":37},"end":{"line":306,"column":45}},"186":{"start":{"line":308,"column":1},"end":{"line":312,"column":null}},"187":{"start":{"line":309,"column":2},"end":{"line":309,"column":null}},"188":{"start":{"line":311,"column":2},"end":{"line":311,"column":null}},"189":{"start":{"line":313,"column":1},"end":{"line":313,"column":null}},"190":{"start":{"line":305,"column":13},"end":{"line":305,"column":66}},"191":{"start":{"line":317,"column":66},"end":{"line":327,"column":1}},"192":{"start":{"line":318,"column":37},"end":{"line":318,"column":55}},"193":{"start":{"line":320,"column":1},"end":{"line":324,"column":null}},"194":{"start":{"line":321,"column":2},"end":{"line":321,"column":null}},"195":{"start":{"line":323,"column":2},"end":{"line":323,"column":null}},"196":{"start":{"line":325,"column":1},"end":{"line":325,"column":null}},"197":{"start":{"line":317,"column":13},"end":{"line":317,"column":66}},"198":{"start":{"line":331,"column":0},"end":{"line":331,"column":89}},"199":{"start":{"line":333,"column":49},"end":{"line":342,"column":1}},"200":{"start":{"line":334,"column":24},"end":{"line":334,"column":41}},"201":{"start":{"line":336,"column":1},"end":{"line":340,"column":null}},"202":{"start":{"line":337,"column":2},"end":{"line":337,"column":null}},"203":{"start":{"line":339,"column":2},"end":{"line":339,"column":null}},"204":{"start":{"line":341,"column":1},"end":{"line":341,"column":null}},"205":{"start":{"line":333,"column":13},"end":{"line":333,"column":49}},"206":{"start":{"line":344,"column":52},"end":{"line":354,"column":1}},"207":{"start":{"line":345,"column":24},"end":{"line":345,"column":32}},"208":{"start":{"line":347,"column":1},"end":{"line":351,"column":null}},"209":{"start":{"line":348,"column":2},"end":{"line":348,"column":null}},"210":{"start":{"line":350,"column":2},"end":{"line":350,"column":null}},"211":{"start":{"line":352,"column":1},"end":{"line":352,"column":null}},"212":{"start":{"line":344,"column":13},"end":{"line":344,"column":52}},"213":{"start":{"line":356,"column":52},"end":{"line":365,"column":1}},"214":{"start":{"line":357,"column":24},"end":{"line":357,"column":42}},"215":{"start":{"line":359,"column":1},"end":{"line":363,"column":null}},"216":{"start":{"line":360,"column":2},"end":{"line":360,"column":null}},"217":{"start":{"line":362,"column":2},"end":{"line":362,"column":null}},"218":{"start":{"line":364,"column":1},"end":{"line":364,"column":null}},"219":{"start":{"line":356,"column":13},"end":{"line":356,"column":52}},"220":{"start":{"line":367,"column":0},"end":{"line":367,"column":85}},"221":{"start":{"line":369,"column":47},"end":{"line":378,"column":1}},"222":{"start":{"line":370,"column":22},"end":{"line":370,"column":39}},"223":{"start":{"line":372,"column":1},"end":{"line":376,"column":null}},"224":{"start":{"line":373,"column":2},"end":{"line":373,"column":null}},"225":{"start":{"line":375,"column":2},"end":{"line":375,"column":null}},"226":{"start":{"line":377,"column":1},"end":{"line":377,"column":null}},"227":{"start":{"line":369,"column":13},"end":{"line":369,"column":47}},"228":{"start":{"line":379,"column":50},"end":{"line":388,"column":1}},"229":{"start":{"line":380,"column":22},"end":{"line":380,"column":30}},"230":{"start":{"line":382,"column":1},"end":{"line":386,"column":null}},"231":{"start":{"line":383,"column":2},"end":{"line":383,"column":null}},"232":{"start":{"line":385,"column":2},"end":{"line":385,"column":null}},"233":{"start":{"line":387,"column":1},"end":{"line":387,"column":null}},"234":{"start":{"line":379,"column":13},"end":{"line":379,"column":50}},"235":{"start":{"line":389,"column":50},"end":{"line":399,"column":1}},"236":{"start":{"line":390,"column":22},"end":{"line":390,"column":40}},"237":{"start":{"line":392,"column":1},"end":{"line":396,"column":null}},"238":{"start":{"line":393,"column":2},"end":{"line":393,"column":null}},"239":{"start":{"line":395,"column":2},"end":{"line":395,"column":null}},"240":{"start":{"line":397,"column":1},"end":{"line":397,"column":null}},"241":{"start":{"line":389,"column":13},"end":{"line":389,"column":50}},"242":{"start":{"line":401,"column":0},"end":{"line":401,"column":102}},"243":{"start":{"line":403,"column":55},"end":{"line":412,"column":1}},"244":{"start":{"line":404,"column":31},"end":{"line":404,"column":48}},"245":{"start":{"line":406,"column":1},"end":{"line":410,"column":null}},"246":{"start":{"line":407,"column":2},"end":{"line":407,"column":null}},"247":{"start":{"line":409,"column":2},"end":{"line":409,"column":null}},"248":{"start":{"line":411,"column":1},"end":{"line":411,"column":null}},"249":{"start":{"line":403,"column":13},"end":{"line":403,"column":55}},"250":{"start":{"line":414,"column":58},"end":{"line":423,"column":1}},"251":{"start":{"line":415,"column":31},"end":{"line":415,"column":39}},"252":{"start":{"line":417,"column":1},"end":{"line":421,"column":null}},"253":{"start":{"line":418,"column":2},"end":{"line":418,"column":null}},"254":{"start":{"line":420,"column":2},"end":{"line":420,"column":null}},"255":{"start":{"line":422,"column":1},"end":{"line":422,"column":null}},"256":{"start":{"line":414,"column":13},"end":{"line":414,"column":58}},"257":{"start":{"line":425,"column":58},"end":{"line":434,"column":1}},"258":{"start":{"line":426,"column":31},"end":{"line":426,"column":49}},"259":{"start":{"line":428,"column":1},"end":{"line":432,"column":null}},"260":{"start":{"line":429,"column":2},"end":{"line":429,"column":null}},"261":{"start":{"line":431,"column":2},"end":{"line":431,"column":null}},"262":{"start":{"line":433,"column":1},"end":{"line":433,"column":null}},"263":{"start":{"line":425,"column":13},"end":{"line":425,"column":58}},"264":{"start":{"line":436,"column":0},"end":{"line":436,"column":109}},"265":{"start":{"line":438,"column":59},"end":{"line":448,"column":1}},"266":{"start":{"line":439,"column":34},"end":{"line":439,"column":51}},"267":{"start":{"line":441,"column":1},"end":{"line":445,"column":null}},"268":{"start":{"line":442,"column":2},"end":{"line":442,"column":null}},"269":{"start":{"line":444,"column":2},"end":{"line":444,"column":null}},"270":{"start":{"line":446,"column":1},"end":{"line":446,"column":null}},"271":{"start":{"line":438,"column":13},"end":{"line":438,"column":59}},"272":{"start":{"line":450,"column":62},"end":{"line":460,"column":1}},"273":{"start":{"line":451,"column":34},"end":{"line":451,"column":42}},"274":{"start":{"line":453,"column":1},"end":{"line":457,"column":null}},"275":{"start":{"line":454,"column":2},"end":{"line":454,"column":null}},"276":{"start":{"line":456,"column":2},"end":{"line":456,"column":null}},"277":{"start":{"line":458,"column":1},"end":{"line":458,"column":null}},"278":{"start":{"line":450,"column":13},"end":{"line":450,"column":62}},"279":{"start":{"line":462,"column":62},"end":{"line":473,"column":1}},"280":{"start":{"line":463,"column":34},"end":{"line":463,"column":52}},"281":{"start":{"line":465,"column":1},"end":{"line":469,"column":null}},"282":{"start":{"line":466,"column":2},"end":{"line":466,"column":null}},"283":{"start":{"line":468,"column":2},"end":{"line":468,"column":null}},"284":{"start":{"line":470,"column":1},"end":{"line":470,"column":null}},"285":{"start":{"line":462,"column":13},"end":{"line":462,"column":62}},"286":{"start":{"line":474,"column":0},"end":{"line":474,"column":99}},"287":{"start":{"line":476,"column":51},"end":{"line":486,"column":1}},"288":{"start":{"line":477,"column":29},"end":{"line":477,"column":46}},"289":{"start":{"line":479,"column":1},"end":{"line":483,"column":null}},"290":{"start":{"line":480,"column":2},"end":{"line":480,"column":null}},"291":{"start":{"line":482,"column":2},"end":{"line":482,"column":null}},"292":{"start":{"line":484,"column":1},"end":{"line":484,"column":null}},"293":{"start":{"line":476,"column":13},"end":{"line":476,"column":51}},"294":{"start":{"line":488,"column":54},"end":{"line":498,"column":1}},"295":{"start":{"line":489,"column":29},"end":{"line":489,"column":37}},"296":{"start":{"line":491,"column":1},"end":{"line":495,"column":null}},"297":{"start":{"line":492,"column":2},"end":{"line":492,"column":null}},"298":{"start":{"line":494,"column":2},"end":{"line":494,"column":null}},"299":{"start":{"line":496,"column":1},"end":{"line":496,"column":null}},"300":{"start":{"line":488,"column":13},"end":{"line":488,"column":54}},"301":{"start":{"line":500,"column":53},"end":{"line":510,"column":1}},"302":{"start":{"line":501,"column":29},"end":{"line":501,"column":47}},"303":{"start":{"line":503,"column":1},"end":{"line":507,"column":null}},"304":{"start":{"line":504,"column":2},"end":{"line":504,"column":null}},"305":{"start":{"line":506,"column":2},"end":{"line":506,"column":null}},"306":{"start":{"line":508,"column":1},"end":{"line":508,"column":null}},"307":{"start":{"line":500,"column":13},"end":{"line":500,"column":53}},"308":{"start":{"line":515,"column":44},"end":{"line":517,"column":1}},"309":{"start":{"line":515,"column":13},"end":{"line":515,"column":44}}},"fnMap":{"0":{"name":"(anonymous_0)","decl":{"start":{"line":6,"column":50},"end":{"line":6,"column":55}},"loc":{"start":{"line":6,"column":86},"end":{"line":15,"column":1}}},"1":{"name":"(anonymous_1)","decl":{"start":{"line":16,"column":53},"end":{"line":16,"column":58}},"loc":{"start":{"line":16,"column":89},"end":{"line":25,"column":1}}},"2":{"name":"(anonymous_2)","decl":{"start":{"line":26,"column":53},"end":{"line":26,"column":58}},"loc":{"start":{"line":26,"column":89},"end":{"line":35,"column":1}}},"3":{"name":"(anonymous_3)","decl":{"start":{"line":39,"column":55},"end":{"line":39,"column":60}},"loc":{"start":{"line":39,"column":91},"end":{"line":48,"column":1}}},"4":{"name":"(anonymous_4)","decl":{"start":{"line":50,"column":58},"end":{"line":50,"column":63}},"loc":{"start":{"line":50,"column":94},"end":{"line":59,"column":1}}},"5":{"name":"(anonymous_5)","decl":{"start":{"line":61,"column":58},"end":{"line":61,"column":63}},"loc":{"start":{"line":61,"column":94},"end":{"line":70,"column":1}}},"6":{"name":"(anonymous_6)","decl":{"start":{"line":74,"column":53},"end":{"line":74,"column":58}},"loc":{"start":{"line":74,"column":89},"end":{"line":84,"column":1}}},"7":{"name":"(anonymous_7)","decl":{"start":{"line":86,"column":56},"end":{"line":86,"column":61}},"loc":{"start":{"line":86,"column":92},"end":{"line":96,"column":1}}},"8":{"name":"(anonymous_8)","decl":{"start":{"line":98,"column":56},"end":{"line":98,"column":61}},"loc":{"start":{"line":98,"column":92},"end":{"line":109,"column":1}}},"9":{"name":"(anonymous_9)","decl":{"start":{"line":113,"column":57},"end":{"line":113,"column":62}},"loc":{"start":{"line":113,"column":93},"end":{"line":122,"column":1}}},"10":{"name":"(anonymous_10)","decl":{"start":{"line":124,"column":60},"end":{"line":124,"column":65}},"loc":{"start":{"line":124,"column":96},"end":{"line":133,"column":1}}},"11":{"name":"(anonymous_11)","decl":{"start":{"line":135,"column":60},"end":{"line":135,"column":65}},"loc":{"start":{"line":135,"column":96},"end":{"line":145,"column":1}}},"12":{"name":"(anonymous_12)","decl":{"start":{"line":149,"column":52},"end":{"line":149,"column":57}},"loc":{"start":{"line":149,"column":88},"end":{"line":159,"column":1}}},"13":{"name":"(anonymous_13)","decl":{"start":{"line":160,"column":55},"end":{"line":160,"column":60}},"loc":{"start":{"line":160,"column":91},"end":{"line":170,"column":1}}},"14":{"name":"(anonymous_14)","decl":{"start":{"line":172,"column":55},"end":{"line":172,"column":60}},"loc":{"start":{"line":172,"column":91},"end":{"line":182,"column":1}}},"15":{"name":"(anonymous_15)","decl":{"start":{"line":185,"column":46},"end":{"line":185,"column":51}},"loc":{"start":{"line":185,"column":82},"end":{"line":195,"column":1}}},"16":{"name":"(anonymous_16)","decl":{"start":{"line":197,"column":49},"end":{"line":197,"column":54}},"loc":{"start":{"line":197,"column":85},"end":{"line":206,"column":1}}},"17":{"name":"(anonymous_17)","decl":{"start":{"line":208,"column":49},"end":{"line":208,"column":54}},"loc":{"start":{"line":208,"column":85},"end":{"line":217,"column":1}}},"18":{"name":"(anonymous_18)","decl":{"start":{"line":221,"column":82},"end":{"line":221,"column":87}},"loc":{"start":{"line":221,"column":118},"end":{"line":232,"column":1}}},"19":{"name":"(anonymous_19)","decl":{"start":{"line":234,"column":85},"end":{"line":234,"column":90}},"loc":{"start":{"line":234,"column":121},"end":{"line":244,"column":1}}},"20":{"name":"(anonymous_20)","decl":{"start":{"line":246,"column":85},"end":{"line":246,"column":90}},"loc":{"start":{"line":246,"column":121},"end":{"line":256,"column":1}}},"21":{"name":"(anonymous_21)","decl":{"start":{"line":259,"column":56},"end":{"line":259,"column":61}},"loc":{"start":{"line":259,"column":92},"end":{"line":269,"column":1}}},"22":{"name":"(anonymous_22)","decl":{"start":{"line":271,"column":59},"end":{"line":271,"column":64}},"loc":{"start":{"line":271,"column":95},"end":{"line":280,"column":1}}},"23":{"name":"(anonymous_23)","decl":{"start":{"line":282,"column":59},"end":{"line":282,"column":64}},"loc":{"start":{"line":282,"column":95},"end":{"line":291,"column":1}}},"24":{"name":"(anonymous_24)","decl":{"start":{"line":294,"column":63},"end":{"line":294,"column":68}},"loc":{"start":{"line":294,"column":99},"end":{"line":303,"column":1}}},"25":{"name":"(anonymous_25)","decl":{"start":{"line":305,"column":66},"end":{"line":305,"column":71}},"loc":{"start":{"line":305,"column":102},"end":{"line":315,"column":1}}},"26":{"name":"(anonymous_26)","decl":{"start":{"line":317,"column":66},"end":{"line":317,"column":71}},"loc":{"start":{"line":317,"column":102},"end":{"line":327,"column":1}}},"27":{"name":"(anonymous_27)","decl":{"start":{"line":333,"column":49},"end":{"line":333,"column":54}},"loc":{"start":{"line":333,"column":85},"end":{"line":342,"column":1}}},"28":{"name":"(anonymous_28)","decl":{"start":{"line":344,"column":52},"end":{"line":344,"column":57}},"loc":{"start":{"line":344,"column":88},"end":{"line":354,"column":1}}},"29":{"name":"(anonymous_29)","decl":{"start":{"line":356,"column":52},"end":{"line":356,"column":57}},"loc":{"start":{"line":356,"column":88},"end":{"line":365,"column":1}}},"30":{"name":"(anonymous_30)","decl":{"start":{"line":369,"column":47},"end":{"line":369,"column":52}},"loc":{"start":{"line":369,"column":83},"end":{"line":378,"column":1}}},"31":{"name":"(anonymous_31)","decl":{"start":{"line":379,"column":50},"end":{"line":379,"column":55}},"loc":{"start":{"line":379,"column":86},"end":{"line":388,"column":1}}},"32":{"name":"(anonymous_32)","decl":{"start":{"line":389,"column":50},"end":{"line":389,"column":55}},"loc":{"start":{"line":389,"column":86},"end":{"line":399,"column":1}}},"33":{"name":"(anonymous_33)","decl":{"start":{"line":403,"column":55},"end":{"line":403,"column":60}},"loc":{"start":{"line":403,"column":91},"end":{"line":412,"column":1}}},"34":{"name":"(anonymous_34)","decl":{"start":{"line":414,"column":58},"end":{"line":414,"column":63}},"loc":{"start":{"line":414,"column":94},"end":{"line":423,"column":1}}},"35":{"name":"(anonymous_35)","decl":{"start":{"line":425,"column":58},"end":{"line":425,"column":63}},"loc":{"start":{"line":425,"column":94},"end":{"line":434,"column":1}}},"36":{"name":"(anonymous_36)","decl":{"start":{"line":438,"column":59},"end":{"line":438,"column":64}},"loc":{"start":{"line":438,"column":95},"end":{"line":448,"column":1}}},"37":{"name":"(anonymous_37)","decl":{"start":{"line":450,"column":62},"end":{"line":450,"column":67}},"loc":{"start":{"line":450,"column":98},"end":{"line":460,"column":1}}},"38":{"name":"(anonymous_38)","decl":{"start":{"line":462,"column":62},"end":{"line":462,"column":67}},"loc":{"start":{"line":462,"column":98},"end":{"line":473,"column":1}}},"39":{"name":"(anonymous_39)","decl":{"start":{"line":476,"column":51},"end":{"line":476,"column":56}},"loc":{"start":{"line":476,"column":87},"end":{"line":486,"column":1}}},"40":{"name":"(anonymous_40)","decl":{"start":{"line":488,"column":54},"end":{"line":488,"column":59}},"loc":{"start":{"line":488,"column":90},"end":{"line":498,"column":1}}},"41":{"name":"(anonymous_41)","decl":{"start":{"line":500,"column":53},"end":{"line":500,"column":58}},"loc":{"start":{"line":500,"column":89},"end":{"line":510,"column":1}}},"42":{"name":"(anonymous_42)","decl":{"start":{"line":515,"column":44},"end":{"line":515,"column":45}},"loc":{"start":{"line":515,"column":74},"end":{"line":517,"column":1}}}},"branchMap":{},"s":{"0":4,"1":4,"2":0,"3":0,"4":0,"5":0,"6":0,"7":4,"8":4,"9":0,"10":0,"11":0,"12":0,"13":0,"14":4,"15":4,"16":0,"17":0,"18":0,"19":0,"20":0,"21":4,"22":4,"23":4,"24":0,"25":0,"26":0,"27":0,"28":0,"29":4,"30":4,"31":0,"32":0,"33":0,"34":0,"35":0,"36":4,"37":4,"38":0,"39":0,"40":0,"41":0,"42":0,"43":4,"44":4,"45":4,"46":0,"47":0,"48":0,"49":0,"50":0,"51":4,"52":4,"53":0,"54":0,"55":0,"56":0,"57":0,"58":4,"59":4,"60":0,"61":0,"62":0,"63":0,"64":0,"65":4,"66":4,"67":4,"68":0,"69":0,"70":0,"71":0,"72":0,"73":4,"74":4,"75":0,"76":0,"77":0,"78":0,"79":0,"80":4,"81":4,"82":0,"83":0,"84":0,"85":0,"86":0,"87":4,"88":4,"89":4,"90":0,"91":0,"92":0,"93":0,"94":0,"95":4,"96":4,"97":0,"98":0,"99":0,"100":0,"101":0,"102":4,"103":4,"104":0,"105":0,"106":0,"107":0,"108":0,"109":4,"110":4,"111":4,"112":0,"113":0,"114":0,"115":0,"116":0,"117":4,"118":4,"119":0,"120":0,"121":0,"122":0,"123":0,"124":4,"125":4,"126":0,"127":0,"128":0,"129":0,"130":0,"131":4,"132":4,"133":4,"134":0,"135":0,"136":0,"137":0,"138":0,"139":4,"140":4,"141":0,"142":0,"143":0,"144":0,"145":0,"146":4,"147":4,"148":0,"149":0,"150":0,"151":0,"152":0,"153":4,"154":4,"155":4,"156":0,"157":0,"158":0,"159":0,"160":0,"161":4,"162":4,"163":0,"164":0,"165":0,"166":0,"167":0,"168":4,"169":4,"170":0,"171":0,"172":0,"173":0,"174":0,"175":4,"176":4,"177":4,"178":0,"179":0,"180":0,"181":0,"182":0,"183":4,"184":4,"185":0,"186":0,"187":0,"188":0,"189":0,"190":4,"191":4,"192":0,"193":0,"194":0,"195":0,"196":0,"197":4,"198":4,"199":4,"200":0,"201":0,"202":0,"203":0,"204":0,"205":4,"206":4,"207":0,"208":0,"209":0,"210":0,"211":0,"212":4,"213":4,"214":0,"215":0,"216":0,"217":0,"218":0,"219":4,"220":4,"221":4,"222":0,"223":0,"224":0,"225":0,"226":0,"227":4,"228":4,"229":0,"230":0,"231":0,"232":0,"233":0,"234":4,"235":4,"236":0,"237":0,"238":0,"239":0,"240":0,"241":4,"242":4,"243":4,"244":0,"245":0,"246":0,"247":0,"248":0,"249":4,"250":4,"251":0,"252":0,"253":0,"254":0,"255":0,"256":4,"257":4,"258":0,"259":0,"260":0,"261":0,"262":0,"263":4,"264":4,"265":4,"266":0,"267":0,"268":0,"269":0,"270":0,"271":4,"272":4,"273":0,"274":0,"275":0,"276":0,"277":0,"278":4,"279":4,"280":0,"281":0,"282":0,"283":0,"284":0,"285":4,"286":4,"287":4,"288":0,"289":0,"290":0,"291":0,"292":0,"293":4,"294":4,"295":0,"296":0,"297":0,"298":0,"299":0,"300":4,"301":4,"302":0,"303":0,"304":0,"305":0,"306":0,"307":4,"308":4,"309":4},"f":{"0":0,"1":0,"2":0,"3":0,"4":0,"5":0,"6":0,"7":0,"8":0,"9":0,"10":0,"11":0,"12":0,"13":0,"14":0,"15":0,"16":0,"17":0,"18":0,"19":0,"20":0,"21":0,"22":0,"23":0,"24":0,"25":0,"26":0,"27":0,"28":0,"29":0,"30":0,"31":0,"32":0,"33":0,"34":0,"35":0,"36":0,"37":0,"38":0,"39":0,"40":0,"41":0,"42":0},"b":{}}
,"E:\\mind-care-backend\\src\\controllers\\payment.controller.ts": {"path":"E:\\mind-care-backend\\src\\controllers\\payment.controller.ts","statementMap":{"0":{"start":{"line":7,"column":0},"end":{"line":7,"column":61}},"1":{"start":{"line":9,"column":51},"end":{"line":37,"column":1}},"2":{"start":{"line":16,"column":28},"end":{"line":16,"column":36}},"3":{"start":{"line":17,"column":18},"end":{"line":33,"column":null}},"4":{"start":{"line":36,"column":2},"end":{"line":36,"column":null}},"5":{"start":{"line":9,"column":13},"end":{"line":9,"column":51}}},"fnMap":{"0":{"name":"(anonymous_0)","decl":{"start":{"line":9,"column":51},"end":{"line":9,"column":56}},"loc":{"start":{"line":9,"column":89},"end":{"line":37,"column":1}}}},"branchMap":{},"s":{"0":4,"1":4,"2":0,"3":0,"4":0,"5":4},"f":{"0":0},"b":{}}
,"E:\\mind-care-backend\\src\\controllers\\psychologicalProfile.controller.ts": {"path":"E:\\mind-care-backend\\src\\controllers\\psychologicalProfile.controller.ts","statementMap":{"0":{"start":{"line":2,"column":0},"end":{"line":2,"column":98}},"1":{"start":{"line":3,"column":56},"end":{"line":16,"column":1}},"2":{"start":{"line":4,"column":16},"end":{"line":4,"column":47}},"3":{"start":{"line":5,"column":17},"end":{"line":5,"column":25}},"4":{"start":{"line":6,"column":17},"end":{"line":6,"column":71}},"5":{"start":{"line":8,"column":1},"end":{"line":13,"column":null}},"6":{"start":{"line":9,"column":2},"end":{"line":9,"column":null}},"7":{"start":{"line":11,"column":2},"end":{"line":11,"column":null}},"8":{"start":{"line":12,"column":2},"end":{"line":12,"column":null}},"9":{"start":{"line":14,"column":1},"end":{"line":14,"column":null}},"10":{"start":{"line":3,"column":13},"end":{"line":3,"column":56}},"11":{"start":{"line":17,"column":42},"end":{"line":30,"column":1}},"12":{"start":{"line":18,"column":16},"end":{"line":18,"column":47}},"13":{"start":{"line":19,"column":17},"end":{"line":19,"column":25}},"14":{"start":{"line":20,"column":17},"end":{"line":20,"column":71}},"15":{"start":{"line":22,"column":1},"end":{"line":27,"column":null}},"16":{"start":{"line":23,"column":2},"end":{"line":23,"column":null}},"17":{"start":{"line":25,"column":2},"end":{"line":25,"column":null}},"18":{"start":{"line":26,"column":2},"end":{"line":26,"column":null}},"19":{"start":{"line":28,"column":1},"end":{"line":28,"column":null}},"20":{"start":{"line":17,"column":13},"end":{"line":17,"column":42}},"21":{"start":{"line":32,"column":54},"end":{"line":43,"column":1}},"22":{"start":{"line":33,"column":16},"end":{"line":33,"column":47}},"23":{"start":{"line":35,"column":1},"end":{"line":40,"column":null}},"24":{"start":{"line":36,"column":2},"end":{"line":36,"column":null}},"25":{"start":{"line":38,"column":2},"end":{"line":38,"column":null}},"26":{"start":{"line":39,"column":2},"end":{"line":39,"column":null}},"27":{"start":{"line":41,"column":1},"end":{"line":41,"column":null}},"28":{"start":{"line":32,"column":13},"end":{"line":32,"column":54}}},"fnMap":{"0":{"name":"(anonymous_0)","decl":{"start":{"line":3,"column":56},"end":{"line":3,"column":61}},"loc":{"start":{"line":3,"column":111},"end":{"line":16,"column":1}}},"1":{"name":"(anonymous_1)","decl":{"start":{"line":17,"column":42},"end":{"line":17,"column":47}},"loc":{"start":{"line":17,"column":97},"end":{"line":30,"column":1}}},"2":{"name":"(anonymous_2)","decl":{"start":{"line":32,"column":54},"end":{"line":32,"column":59}},"loc":{"start":{"line":32,"column":109},"end":{"line":43,"column":1}}}},"branchMap":{},"s":{"0":4,"1":4,"2":0,"3":0,"4":0,"5":0,"6":0,"7":0,"8":0,"9":0,"10":4,"11":4,"12":0,"13":0,"14":0,"15":0,"16":0,"17":0,"18":0,"19":0,"20":4,"21":4,"22":0,"23":0,"24":0,"25":0,"26":0,"27":0,"28":4},"f":{"0":0,"1":0,"2":0},"b":{}}
,"E:\\mind-care-backend\\src\\controllers\\reminder.controller.ts": {"path":"E:\\mind-care-backend\\src\\controllers\\reminder.controller.ts","statementMap":{"0":{"start":{"line":2,"column":0},"end":{"line":2,"column":64}},"1":{"start":{"line":4,"column":43},"end":{"line":14,"column":1}},"2":{"start":{"line":5,"column":18},"end":{"line":5,"column":35}},"3":{"start":{"line":7,"column":1},"end":{"line":11,"column":null}},"4":{"start":{"line":8,"column":2},"end":{"line":8,"column":null}},"5":{"start":{"line":10,"column":2},"end":{"line":10,"column":null}},"6":{"start":{"line":12,"column":1},"end":{"line":12,"column":null}},"7":{"start":{"line":4,"column":13},"end":{"line":4,"column":43}},"8":{"start":{"line":15,"column":45},"end":{"line":25,"column":1}},"9":{"start":{"line":16,"column":18},"end":{"line":16,"column":26}},"10":{"start":{"line":18,"column":1},"end":{"line":23,"column":null}},"11":{"start":{"line":19,"column":2},"end":{"line":19,"column":null}},"12":{"start":{"line":22,"column":2},"end":{"line":22,"column":null}},"13":{"start":{"line":24,"column":1},"end":{"line":24,"column":null}},"14":{"start":{"line":15,"column":13},"end":{"line":15,"column":45}},"15":{"start":{"line":27,"column":43},"end":{"line":36,"column":1}},"16":{"start":{"line":28,"column":18},"end":{"line":28,"column":35}},"17":{"start":{"line":30,"column":1},"end":{"line":34,"column":null}},"18":{"start":{"line":31,"column":2},"end":{"line":31,"column":null}},"19":{"start":{"line":33,"column":2},"end":{"line":33,"column":null}},"20":{"start":{"line":35,"column":1},"end":{"line":35,"column":null}},"21":{"start":{"line":27,"column":13},"end":{"line":27,"column":43}},"22":{"start":{"line":38,"column":45},"end":{"line":47,"column":1}},"23":{"start":{"line":39,"column":18},"end":{"line":39,"column":35}},"24":{"start":{"line":41,"column":1},"end":{"line":45,"column":null}},"25":{"start":{"line":42,"column":2},"end":{"line":42,"column":null}},"26":{"start":{"line":44,"column":2},"end":{"line":44,"column":null}},"27":{"start":{"line":46,"column":1},"end":{"line":46,"column":null}},"28":{"start":{"line":38,"column":13},"end":{"line":38,"column":45}}},"fnMap":{"0":{"name":"(anonymous_0)","decl":{"start":{"line":4,"column":43},"end":{"line":4,"column":48}},"loc":{"start":{"line":4,"column":79},"end":{"line":14,"column":1}}},"1":{"name":"(anonymous_1)","decl":{"start":{"line":15,"column":45},"end":{"line":15,"column":50}},"loc":{"start":{"line":15,"column":81},"end":{"line":25,"column":1}}},"2":{"name":"(anonymous_2)","decl":{"start":{"line":27,"column":43},"end":{"line":27,"column":48}},"loc":{"start":{"line":27,"column":79},"end":{"line":36,"column":1}}},"3":{"name":"(anonymous_3)","decl":{"start":{"line":38,"column":45},"end":{"line":38,"column":50}},"loc":{"start":{"line":38,"column":81},"end":{"line":47,"column":1}}}},"branchMap":{},"s":{"0":4,"1":4,"2":0,"3":0,"4":0,"5":0,"6":0,"7":4,"8":4,"9":0,"10":0,"11":0,"12":0,"13":0,"14":4,"15":4,"16":0,"17":0,"18":0,"19":0,"20":0,"21":4,"22":4,"23":0,"24":0,"25":0,"26":0,"27":0,"28":4},"f":{"0":0,"1":0,"2":0,"3":0},"b":{}}
,"E:\\mind-care-backend\\src\\controllers\\therapist.controller.ts": {"path":"E:\\mind-care-backend\\src\\controllers\\therapist.controller.ts","statementMap":{"0":{"start":{"line":2,"column":0},"end":{"line":2,"column":66}},"1":{"start":{"line":3,"column":0},"end":{"line":3,"column":63}},"2":{"start":{"line":4,"column":0},"end":{"line":4,"column":77}},"3":{"start":{"line":6,"column":0},"end":{"line":6,"column":27}},"4":{"start":{"line":8,"column":46},"end":{"line":23,"column":1}},"5":{"start":{"line":9,"column":15},"end":{"line":9,"column":29}},"6":{"start":{"line":10,"column":18},"end":{"line":10,"column":35}},"7":{"start":{"line":12,"column":1},"end":{"line":21,"column":null}},"8":{"start":{"line":13,"column":2},"end":{"line":17,"column":null}},"9":{"start":{"line":19,"column":2},"end":{"line":19,"column":null}},"10":{"start":{"line":20,"column":2},"end":{"line":20,"column":null}},"11":{"start":{"line":22,"column":1},"end":{"line":22,"column":null}},"12":{"start":{"line":8,"column":13},"end":{"line":8,"column":46}},"13":{"start":{"line":24,"column":45},"end":{"line":44,"column":1}},"14":{"start":{"line":26,"column":20},"end":{"line":26,"column":28}},"15":{"start":{"line":27,"column":16},"end":{"line":27,"column":30}},"16":{"start":{"line":29,"column":1},"end":{"line":37,"column":null}},"17":{"start":{"line":30,"column":2},"end":{"line":32,"column":null}},"18":{"start":{"line":34,"column":2},"end":{"line":34,"column":null}},"19":{"start":{"line":35,"column":2},"end":{"line":35,"column":null}},"20":{"start":{"line":38,"column":1},"end":{"line":43,"column":70}},"21":{"start":{"line":39,"column":2},"end":{"line":39,"column":95}},"22":{"start":{"line":43,"column":2},"end":{"line":43,"column":70}},"23":{"start":{"line":24,"column":13},"end":{"line":24,"column":45}},"24":{"start":{"line":45,"column":48},"end":{"line":59,"column":1}},"25":{"start":{"line":46,"column":15},"end":{"line":46,"column":29}},"26":{"start":{"line":47,"column":18},"end":{"line":47,"column":35}},"27":{"start":{"line":48,"column":1},"end":{"line":58,"column":null}},"28":{"start":{"line":49,"column":2},"end":{"line":54,"column":null}},"29":{"start":{"line":55,"column":2},"end":{"line":55,"column":null}},"30":{"start":{"line":57,"column":2},"end":{"line":57,"column":null}},"31":{"start":{"line":45,"column":13},"end":{"line":45,"column":48}},"32":{"start":{"line":60,"column":45},"end":{"line":71,"column":1}},"33":{"start":{"line":61,"column":15},"end":{"line":61,"column":29}},"34":{"start":{"line":62,"column":19},"end":{"line":64,"column":3}},"35":{"start":{"line":65,"column":1},"end":{"line":66,"column":null}},"36":{"start":{"line":66,"column":2},"end":{"line":66,"column":null}},"37":{"start":{"line":67,"column":15},"end":{"line":67,"column":53}},"38":{"start":{"line":68,"column":14},"end":{"line":68,"column":25}},"39":{"start":{"line":69,"column":1},"end":{"line":69,"column":null}},"40":{"start":{"line":70,"column":1},"end":{"line":70,"column":null}},"41":{"start":{"line":60,"column":13},"end":{"line":60,"column":45}},"42":{"start":{"line":72,"column":45},"end":{"line":85,"column":1}},"43":{"start":{"line":73,"column":1},"end":{"line":84,"column":null}},"44":{"start":{"line":74,"column":2},"end":{"line":80,"column":null}},"45":{"start":{"line":81,"column":2},"end":{"line":81,"column":null}},"46":{"start":{"line":83,"column":2},"end":{"line":83,"column":null}},"47":{"start":{"line":72,"column":13},"end":{"line":72,"column":45}},"48":{"start":{"line":86,"column":53},"end":{"line":93,"column":1}},"49":{"start":{"line":87,"column":15},"end":{"line":87,"column":53}},"50":{"start":{"line":88,"column":14},"end":{"line":88,"column":25}},"51":{"start":{"line":89,"column":15},"end":{"line":89,"column":29}},"52":{"start":{"line":90,"column":22},"end":{"line":90,"column":53}},"53":{"start":{"line":91,"column":1},"end":{"line":91,"column":null}},"54":{"start":{"line":86,"column":13},"end":{"line":86,"column":53}},"55":{"start":{"line":94,"column":37},"end":{"line":122,"column":1}},"56":{"start":{"line":96,"column":16},"end":{"line":98,"column":3}},"57":{"start":{"line":102,"column":1},"end":{"line":104,"column":null}},"58":{"start":{"line":103,"column":2},"end":{"line":103,"column":null}},"59":{"start":{"line":106,"column":1},"end":{"line":116,"column":null}},"60":{"start":{"line":108,"column":2},"end":{"line":111,"column":null}},"61":{"start":{"line":114,"column":2},"end":{"line":115,"column":null}},"62":{"start":{"line":115,"column":3},"end":{"line":115,"column":null}},"63":{"start":{"line":117,"column":16},"end":{"line":117,"column":38}},"64":{"start":{"line":118,"column":39},"end":{"line":118,"column":45}},"65":{"start":{"line":119,"column":1},"end":{"line":121,"column":null}},"66":{"start":{"line":120,"column":2},"end":{"line":120,"column":111}},"67":{"start":{"line":94,"column":13},"end":{"line":94,"column":37}},"68":{"start":{"line":123,"column":38},"end":{"line":142,"column":1}},"69":{"start":{"line":125,"column":16},"end":{"line":127,"column":3}},"70":{"start":{"line":130,"column":1},"end":{"line":132,"column":null}},"71":{"start":{"line":131,"column":2},"end":{"line":131,"column":null}},"72":{"start":{"line":134,"column":1},"end":{"line":139,"column":null}},"73":{"start":{"line":135,"column":2},"end":{"line":135,"column":42}},"74":{"start":{"line":137,"column":2},"end":{"line":137,"column":null}},"75":{"start":{"line":138,"column":2},"end":{"line":138,"column":null}},"76":{"start":{"line":140,"column":1},"end":{"line":141,"column":96}},"77":{"start":{"line":141,"column":2},"end":{"line":141,"column":96}},"78":{"start":{"line":123,"column":13},"end":{"line":123,"column":38}},"79":{"start":{"line":143,"column":43},"end":{"line":152,"column":1}},"80":{"start":{"line":144,"column":19},"end":{"line":144,"column":32}},"81":{"start":{"line":145,"column":16},"end":{"line":145,"column":38}},"82":{"start":{"line":146,"column":39},"end":{"line":146,"column":45}},"83":{"start":{"line":147,"column":1},"end":{"line":151,"column":null}},"84":{"start":{"line":148,"column":2},"end":{"line":148,"column":100}},"85":{"start":{"line":151,"column":2},"end":{"line":151,"column":null}},"86":{"start":{"line":143,"column":13},"end":{"line":143,"column":43}},"87":{"start":{"line":154,"column":45},"end":{"line":162,"column":1}},"88":{"start":{"line":155,"column":1},"end":{"line":161,"column":null}},"89":{"start":{"line":156,"column":15},"end":{"line":156,"column":39}},"90":{"start":{"line":157,"column":2},"end":{"line":157,"column":null}},"91":{"start":{"line":159,"column":2},"end":{"line":159,"column":null}},"92":{"start":{"line":160,"column":2},"end":{"line":160,"column":null}},"93":{"start":{"line":154,"column":13},"end":{"line":154,"column":45}},"94":{"start":{"line":164,"column":48},"end":{"line":172,"column":1}},"95":{"start":{"line":165,"column":1},"end":{"line":171,"column":null}},"96":{"start":{"line":166,"column":15},"end":{"line":166,"column":59}},"97":{"start":{"line":167,"column":2},"end":{"line":167,"column":null}},"98":{"start":{"line":169,"column":2},"end":{"line":169,"column":null}},"99":{"start":{"line":170,"column":2},"end":{"line":170,"column":null}},"100":{"start":{"line":164,"column":13},"end":{"line":164,"column":48}}},"fnMap":{"0":{"name":"(anonymous_1)","decl":{"start":{"line":8,"column":46},"end":{"line":8,"column":51}},"loc":{"start":{"line":8,"column":119},"end":{"line":23,"column":1}}},"1":{"name":"(anonymous_2)","decl":{"start":{"line":24,"column":45},"end":{"line":24,"column":50}},"loc":{"start":{"line":24,"column":118},"end":{"line":44,"column":1}}},"2":{"name":"(anonymous_3)","decl":{"start":{"line":45,"column":48},"end":{"line":45,"column":53}},"loc":{"start":{"line":45,"column":121},"end":{"line":59,"column":1}}},"3":{"name":"(anonymous_4)","decl":{"start":{"line":60,"column":45},"end":{"line":60,"column":50}},"loc":{"start":{"line":60,"column":118},"end":{"line":71,"column":1}}},"4":{"name":"(anonymous_5)","decl":{"start":{"line":72,"column":45},"end":{"line":72,"column":50}},"loc":{"start":{"line":72,"column":118},"end":{"line":85,"column":1}}},"5":{"name":"(anonymous_6)","decl":{"start":{"line":86,"column":53},"end":{"line":86,"column":58}},"loc":{"start":{"line":86,"column":106},"end":{"line":93,"column":1}}},"6":{"name":"(anonymous_7)","decl":{"start":{"line":94,"column":37},"end":{"line":94,"column":42}},"loc":{"start":{"line":94,"column":90},"end":{"line":122,"column":1}}},"7":{"name":"(anonymous_8)","decl":{"start":{"line":123,"column":38},"end":{"line":123,"column":43}},"loc":{"start":{"line":123,"column":111},"end":{"line":142,"column":1}}},"8":{"name":"(anonymous_9)","decl":{"start":{"line":143,"column":43},"end":{"line":143,"column":48}},"loc":{"start":{"line":143,"column":116},"end":{"line":152,"column":1}}},"9":{"name":"(anonymous_10)","decl":{"start":{"line":154,"column":45},"end":{"line":154,"column":50}},"loc":{"start":{"line":154,"column":118},"end":{"line":162,"column":1}}},"10":{"name":"(anonymous_11)","decl":{"start":{"line":164,"column":48},"end":{"line":164,"column":53}},"loc":{"start":{"line":164,"column":121},"end":{"line":172,"column":1}}}},"branchMap":{"0":{"loc":{"start":{"line":38,"column":1},"end":{"line":43,"column":70}},"type":"if","locations":[{"start":{"line":38,"column":1},"end":{"line":43,"column":70}},{"start":{"line":43,"column":2},"end":{"line":43,"column":70}}]},"1":{"loc":{"start":{"line":38,"column":5},"end":{"line":38,"column":38}},"type":"binary-expr","locations":[{"start":{"line":38,"column":5},"end":{"line":38,"column":17}},{"start":{"line":38,"column":21},"end":{"line":38,"column":38}}]},"2":{"loc":{"start":{"line":65,"column":1},"end":{"line":66,"column":null}},"type":"if","locations":[{"start":{"line":65,"column":1},"end":{"line":66,"column":null}}]},"3":{"loc":{"start":{"line":65,"column":5},"end":{"line":65,"column":48}},"type":"binary-expr","locations":[{"start":{"line":65,"column":5},"end":{"line":65,"column":22}},{"start":{"line":65,"column":26},"end":{"line":65,"column":48}}]},"4":{"loc":{"start":{"line":102,"column":1},"end":{"line":104,"column":null}},"type":"if","locations":[{"start":{"line":102,"column":1},"end":{"line":104,"column":null}}]},"5":{"loc":{"start":{"line":102,"column":5},"end":{"line":102,"column":42}},"type":"binary-expr","locations":[{"start":{"line":102,"column":5},"end":{"line":102,"column":19}},{"start":{"line":102,"column":23},"end":{"line":102,"column":42}}]},"6":{"loc":{"start":{"line":106,"column":1},"end":{"line":116,"column":null}},"type":"if","locations":[{"start":{"line":106,"column":1},"end":{"line":116,"column":null}}]},"7":{"loc":{"start":{"line":114,"column":2},"end":{"line":115,"column":null}},"type":"if","locations":[{"start":{"line":114,"column":2},"end":{"line":115,"column":null}}]},"8":{"loc":{"start":{"line":114,"column":6},"end":{"line":114,"column":49}},"type":"binary-expr","locations":[{"start":{"line":114,"column":6},"end":{"line":114,"column":23}},{"start":{"line":114,"column":27},"end":{"line":114,"column":49}}]},"9":{"loc":{"start":{"line":119,"column":1},"end":{"line":121,"column":null}},"type":"if","locations":[{"start":{"line":119,"column":1},"end":{"line":121,"column":null}}]},"10":{"loc":{"start":{"line":119,"column":5},"end":{"line":119,"column":42}},"type":"binary-expr","locations":[{"start":{"line":119,"column":5},"end":{"line":119,"column":19}},{"start":{"line":119,"column":23},"end":{"line":119,"column":42}}]},"11":{"loc":{"start":{"line":130,"column":1},"end":{"line":132,"column":null}},"type":"if","locations":[{"start":{"line":130,"column":1},"end":{"line":132,"column":null}}]},"12":{"loc":{"start":{"line":130,"column":5},"end":{"line":130,"column":42}},"type":"binary-expr","locations":[{"start":{"line":130,"column":5},"end":{"line":130,"column":19}},{"start":{"line":130,"column":23},"end":{"line":130,"column":42}}]},"13":{"loc":{"start":{"line":140,"column":1},"end":{"line":141,"column":96}},"type":"if","locations":[{"start":{"line":140,"column":1},"end":{"line":141,"column":96}}]},"14":{"loc":{"start":{"line":140,"column":5},"end":{"line":140,"column":38}},"type":"binary-expr","locations":[{"start":{"line":140,"column":5},"end":{"line":140,"column":17}},{"start":{"line":140,"column":21},"end":{"line":140,"column":38}}]},"15":{"loc":{"start":{"line":147,"column":1},"end":{"line":151,"column":null}},"type":"if","locations":[{"start":{"line":147,"column":1},"end":{"line":151,"column":null}},{"start":{"line":151,"column":2},"end":{"line":151,"column":null}}]},"16":{"loc":{"start":{"line":147,"column":5},"end":{"line":147,"column":42}},"type":"binary-expr","locations":[{"start":{"line":147,"column":5},"end":{"line":147,"column":19}},{"start":{"line":147,"column":23},"end":{"line":147,"column":42}}]}},"s":{"0":4,"1":4,"2":4,"3":4,"4":4,"5":0,"6":0,"7":0,"8":0,"9":0,"10":0,"11":0,"12":4,"13":4,"14":0,"15":0,"16":0,"17":0,"18":0,"19":0,"20":0,"21":0,"22":0,"23":4,"24":4,"25":0,"26":0,"27":0,"28":0,"29":0,"30":0,"31":4,"32":4,"33":0,"34":0,"35":0,"36":0,"37":0,"38":0,"39":0,"40":0,"41":4,"42":4,"43":0,"44":0,"45":0,"46":0,"47":4,"48":4,"49":0,"50":0,"51":0,"52":0,"53":0,"54":4,"55":4,"56":0,"57":0,"58":0,"59":0,"60":0,"61":0,"62":0,"63":0,"64":0,"65":0,"66":0,"67":4,"68":4,"69":0,"70":0,"71":0,"72":0,"73":0,"74":0,"75":0,"76":0,"77":0,"78":4,"79":4,"80":0,"81":0,"82":0,"83":0,"84":0,"85":0,"86":4,"87":4,"88":0,"89":0,"90":0,"91":0,"92":0,"93":4,"94":4,"95":0,"96":0,"97":0,"98":0,"99":0,"100":4},"f":{"0":0,"1":0,"2":0,"3":0,"4":0,"5":0,"6":0,"7":0,"8":0,"9":0,"10":0},"b":{"0":[0,0],"1":[0,0],"2":[0],"3":[0,0],"4":[0],"5":[0,0],"6":[0],"7":[0],"8":[0,0],"9":[0],"10":[0,0],"11":[0],"12":[0,0],"13":[0],"14":[0,0],"15":[0,0],"16":[0,0]}}
,"E:\\mind-care-backend\\src\\controllers\\communityForum\\comment.controller.ts": {"path":"E:\\mind-care-backend\\src\\controllers\\communityForum\\comment.controller.ts","statementMap":{"0":{"start":{"line":2,"column":0},"end":{"line":2,"column":71}},"1":{"start":{"line":3,"column":0},"end":{"line":3,"column":69}},"2":{"start":{"line":4,"column":0},"end":{"line":4,"column":73}},"3":{"start":{"line":5,"column":0},"end":{"line":5,"column":69}},"4":{"start":{"line":6,"column":0},"end":{"line":6,"column":65}},"5":{"start":{"line":7,"column":0},"end":{"line":7,"column":30}},"6":{"start":{"line":9,"column":44},"end":{"line":24,"column":1}},"7":{"start":{"line":10,"column":17},"end":{"line":10,"column":25}},"8":{"start":{"line":11,"column":1},"end":{"line":11,"column":null}},"9":{"start":{"line":13,"column":1},"end":{"line":18,"column":null}},"10":{"start":{"line":14,"column":2},"end":{"line":14,"column":null}},"11":{"start":{"line":17,"column":2},"end":{"line":17,"column":null}},"12":{"start":{"line":19,"column":1},"end":{"line":21,"column":null}},"13":{"start":{"line":20,"column":2},"end":{"line":20,"column":null}},"14":{"start":{"line":22,"column":1},"end":{"line":22,"column":null}},"15":{"start":{"line":9,"column":13},"end":{"line":9,"column":44}},"16":{"start":{"line":26,"column":43},"end":{"line":44,"column":1}},"17":{"start":{"line":27,"column":15},"end":{"line":27,"column":23}},"18":{"start":{"line":28,"column":1},"end":{"line":28,"column":null}},"19":{"start":{"line":30,"column":1},"end":{"line":38,"column":null}},"20":{"start":{"line":31,"column":2},"end":{"line":31,"column":null}},"21":{"start":{"line":32,"column":2},"end":{"line":34,"column":null}},"22":{"start":{"line":37,"column":2},"end":{"line":37,"column":null}},"23":{"start":{"line":39,"column":1},"end":{"line":41,"column":null}},"24":{"start":{"line":40,"column":2},"end":{"line":40,"column":null}},"25":{"start":{"line":42,"column":1},"end":{"line":42,"column":null}},"26":{"start":{"line":26,"column":13},"end":{"line":26,"column":43}},"27":{"start":{"line":46,"column":45},"end":{"line":59,"column":1}},"28":{"start":{"line":47,"column":17},"end":{"line":47,"column":25}},"29":{"start":{"line":49,"column":1},"end":{"line":54,"column":null}},"30":{"start":{"line":50,"column":2},"end":{"line":50,"column":null}},"31":{"start":{"line":53,"column":2},"end":{"line":53,"column":null}},"32":{"start":{"line":55,"column":1},"end":{"line":57,"column":null}},"33":{"start":{"line":56,"column":2},"end":{"line":56,"column":null}},"34":{"start":{"line":58,"column":1},"end":{"line":58,"column":null}},"35":{"start":{"line":46,"column":13},"end":{"line":46,"column":45}},"36":{"start":{"line":61,"column":45},"end":{"line":76,"column":1}},"37":{"start":{"line":63,"column":17},"end":{"line":63,"column":25}},"38":{"start":{"line":64,"column":1},"end":{"line":64,"column":null}},"39":{"start":{"line":66,"column":1},"end":{"line":71,"column":null}},"40":{"start":{"line":67,"column":2},"end":{"line":67,"column":null}},"41":{"start":{"line":70,"column":2},"end":{"line":70,"column":null}},"42":{"start":{"line":72,"column":1},"end":{"line":74,"column":null}},"43":{"start":{"line":73,"column":2},"end":{"line":73,"column":null}},"44":{"start":{"line":75,"column":1},"end":{"line":75,"column":null}},"45":{"start":{"line":61,"column":13},"end":{"line":61,"column":45}},"46":{"start":{"line":78,"column":43},"end":{"line":91,"column":1}},"47":{"start":{"line":80,"column":1},"end":{"line":85,"column":null}},"48":{"start":{"line":81,"column":2},"end":{"line":81,"column":null}},"49":{"start":{"line":84,"column":2},"end":{"line":84,"column":null}},"50":{"start":{"line":86,"column":1},"end":{"line":88,"column":null}},"51":{"start":{"line":87,"column":2},"end":{"line":87,"column":null}},"52":{"start":{"line":89,"column":1},"end":{"line":89,"column":null}},"53":{"start":{"line":78,"column":13},"end":{"line":78,"column":43}},"54":{"start":{"line":93,"column":45},"end":{"line":110,"column":1}},"55":{"start":{"line":97,"column":1},"end":{"line":105,"column":null}},"56":{"start":{"line":98,"column":2},"end":{"line":98,"column":null}},"57":{"start":{"line":99,"column":2},"end":{"line":101,"column":null}},"58":{"start":{"line":104,"column":2},"end":{"line":104,"column":null}},"59":{"start":{"line":106,"column":1},"end":{"line":108,"column":null}},"60":{"start":{"line":107,"column":2},"end":{"line":107,"column":null}},"61":{"start":{"line":109,"column":1},"end":{"line":109,"column":null}},"62":{"start":{"line":93,"column":13},"end":{"line":93,"column":45}},"63":{"start":{"line":112,"column":47},"end":{"line":128,"column":1}},"64":{"start":{"line":115,"column":1},"end":{"line":123,"column":null}},"65":{"start":{"line":116,"column":2},"end":{"line":116,"column":null}},"66":{"start":{"line":117,"column":2},"end":{"line":119,"column":null}},"67":{"start":{"line":122,"column":2},"end":{"line":122,"column":null}},"68":{"start":{"line":124,"column":1},"end":{"line":126,"column":null}},"69":{"start":{"line":125,"column":2},"end":{"line":125,"column":null}},"70":{"start":{"line":127,"column":1},"end":{"line":127,"column":null}},"71":{"start":{"line":112,"column":13},"end":{"line":112,"column":47}},"72":{"start":{"line":130,"column":45},"end":{"line":147,"column":1}},"73":{"start":{"line":134,"column":1},"end":{"line":142,"column":null}},"74":{"start":{"line":135,"column":2},"end":{"line":135,"column":null}},"75":{"start":{"line":136,"column":2},"end":{"line":138,"column":null}},"76":{"start":{"line":141,"column":2},"end":{"line":141,"column":null}},"77":{"start":{"line":143,"column":1},"end":{"line":145,"column":null}},"78":{"start":{"line":144,"column":2},"end":{"line":144,"column":null}},"79":{"start":{"line":146,"column":1},"end":{"line":146,"column":null}},"80":{"start":{"line":130,"column":13},"end":{"line":130,"column":45}}},"fnMap":{"0":{"name":"(anonymous_0)","decl":{"start":{"line":9,"column":44},"end":{"line":9,"column":49}},"loc":{"start":{"line":9,"column":99},"end":{"line":24,"column":1}}},"1":{"name":"(anonymous_1)","decl":{"start":{"line":26,"column":43},"end":{"line":26,"column":48}},"loc":{"start":{"line":26,"column":98},"end":{"line":44,"column":1}}},"2":{"name":"(anonymous_2)","decl":{"start":{"line":46,"column":45},"end":{"line":46,"column":50}},"loc":{"start":{"line":46,"column":100},"end":{"line":59,"column":1}}},"3":{"name":"(anonymous_3)","decl":{"start":{"line":61,"column":45},"end":{"line":61,"column":50}},"loc":{"start":{"line":61,"column":100},"end":{"line":76,"column":1}}},"4":{"name":"(anonymous_4)","decl":{"start":{"line":78,"column":43},"end":{"line":78,"column":48}},"loc":{"start":{"line":78,"column":98},"end":{"line":91,"column":1}}},"5":{"name":"(anonymous_5)","decl":{"start":{"line":93,"column":45},"end":{"line":93,"column":50}},"loc":{"start":{"line":93,"column":100},"end":{"line":110,"column":1}}},"6":{"name":"(anonymous_6)","decl":{"start":{"line":112,"column":47},"end":{"line":112,"column":52}},"loc":{"start":{"line":112,"column":102},"end":{"line":128,"column":1}}},"7":{"name":"(anonymous_7)","decl":{"start":{"line":130,"column":45},"end":{"line":130,"column":50}},"loc":{"start":{"line":130,"column":100},"end":{"line":147,"column":1}}}},"branchMap":{"0":{"loc":{"start":{"line":19,"column":1},"e
[...]
,"E:\\mind-care-backend\\src\\routes\\admin\\admin.route.ts": {"path":"E:\\mind-care-backend\\src\\routes\\admin\\admin.route.ts","statementMap":{"0":{"start":{"line":1,"column":0},"end":{"line":1,"column":33}},"1":{"start":{"line":2,"column":22},"end":{"line":2,"column":30}},"2":{"start":{"line":13,"column":19},"end":{"line":13,"column":30}},"3":{"start":{"line":4,"column":0},"end":{"line":4,"column":50}},"4":{"start":{"line":6,"column":0},"end":{"line":6,"column":null}},"5":{"start":{"line":9,"column":0},"end":{"line":11,"column":5}},"6":{"start":{"line":10,"column":4},"end":{"line":10,"column":22}}},"fnMap":{"0":{"name":"(anonymous_0)","decl":{"start":{"line":9,"column":16},"end":{"line":9,"column":17}},"loc":{"start":{"line":9,"column":29},"end":{"line":11,"column":3}}}},"branchMap":{},"s":{"0":4,"1":4,"2":4,"3":4,"4":4,"5":4,"6":0},"f":{"0":0},"b":{}}
,"E:\\mind-care-backend\\src\\routes\\admin\\auth\\auth.route.ts": {"path":"E:\\mind-care-backend\\src\\routes\\admin\\auth\\auth.route.ts","statementMap":{"0":{"start":{"line":1,"column":0},"end":{"line":1,"column":33}},"1":{"start":{"line":2,"column":22},"end":{"line":2,"column":30}},"2":{"start":{"line":17,"column":19},"end":{"line":17,"column":29}},"3":{"start":{"line":4,"column":0},"end":{"line":4,"column":93}},"4":{"start":{"line":5,"column":0},"end":{"line":5,"column":86}},"5":{"start":{"line":7,"column":0},"end":{"line":9,"column":3}},"6":{"start":{"line":8,"column":2},"end":{"line":8,"column":31}},"7":{"start":{"line":10,"column":0},"end":{"line":10,"column":null}},"8":{"start":{"line":11,"column":0},"end":{"line":11,"column":null}},"9":{"start":{"line":12,"column":0},"end":{"line":12,"column":null}},"10":{"start":{"line":13,"column":0},"end":{"line":15,"column":3}},"11":{"start":{"line":14,"column":2},"end":{"line":14,"column":30}}},"fnMap":{"0":{"name":"(anonymous_0)","decl":{"start":{"line":7,"column":42},"end":{"line":7,"column":43}},"loc":{"start":{"line":7,"column":55},"end":{"line":9,"column":1}}},"1":{"name":"(anonymous_1)","decl":{"start":{"line":13,"column":35},"end":{"line":13,"column":36}},"loc":{"start":{"line":13,"column":48},"end":{"line":15,"column":1}}}},"branchMap":{},"s":{"0":4,"1":4,"2":4,"3":4,"4":4,"5":4,"6":0,"7":4,"8":4,"9":4,"10":4,"11":0},"f":{"0":0,"1":0},"b":{}}
,"E:\\mind-care-backend\\src\\routes\\client\\client.route.ts": {"path":"E:\\mind-care-backend\\src\\routes\\client\\client.route.ts","statementMap":{"0":{"start":{"line":1,"column":0},"end":{"line":1,"column":33}},"1":{"start":{"line":2,"column":22},"end":{"line":2,"column":30}},"2":{"start":{"line":23,"column":19},"end":{"line":23,"column":31}},"3":{"start":{"line":5,"column":0},"end":{"line":5,"column":50}},"4":{"start":{"line":6,"column":0},"end":{"line":6,"column":62}},"5":{"start":{"line":7,"column":0},"end":{"line":7,"column":98}},"6":{"start":{"line":8,"column":0},"end":{"line":8,"column":59}},"7":{"start":{"line":9,"column":0},"end":{"line":9,"column":67}},"8":{"start":{"line":10,"column":0},"end":{"line":10,"column":65}},"9":{"start":{"line":14,"column":0},"end":{"line":14,"column":null}},"10":{"start":{"line":15,"column":0},"end":{"line":15,"column":null}},"11":{"start":{"line":16,"column":0},"end":{"line":16,"column":null}},"12":{"start":{"line":17,"column":0},"end":{"line":17,"column":null}},"13":{"start":{"line":18,"column":0},"end":{"line":18,"column":null}},"14":{"start":{"line":19,"column":0},"end":{"line":19,"column":null}}},"fnMap":{},"branchMap":{},"s":{"0":4,"1":4,"2":4,"3":4,"4":4,"5":4,"6":4,"7":4,"8":4,"9":4,"10":4,"11":4,"12":4,"13":4,"14":4},"f":{},"b":{}}
,"E:\\mind-care-backend\\src\\routes\\client\\auth\\auth.route.ts": {"path":"E:\\mind-care-backend\\src\\routes\\client\\auth\\auth.route.ts","statementMap":{"0":{"start":{"line":2,"column":0},"end":{"line":2,"column":33}},"1":{"start":{"line":3,"column":22},"end":{"line":3,"column":30}},"2":{"start":{"line":34,"column":19},"end":{"line":34,"column":29}},"3":{"start":{"line":7,"column":0},"end":{"line":7,"column":null}},"4":{"start":{"line":14,"column":0},"end":{"line":14,"column":null}},"5":{"start":{"line":20,"column":0},"end":{"line":20,"column":null}},"6":{"start":{"line":21,"column":0},"end":{"line":21,"column":null}},"7":{"start":{"line":22,"column":0},"end":{"line":22,"column":null}},"8":{"start":{"line":23,"column":0},"end":{"line":23,"column":null}},"9":{"start":{"line":24,"column":0},"end":{"line":24,"column":null}},"10":{"start":{"line":25,"column":0},"end":{"line":25,"column":null}},"11":{"start":{"line":26,"column":0},"end":{"line":26,"column":null}},"12":{"start":{"line":27,"column":0},"end":{"line":29,"column":3}},"13":{"start":{"line":28,"column":2},"end":{"line":28,"column":32}},"14":{"start":{"line":30,"column":0},"end":{"line":32,"column":3}},"15":{"start":{"line":31,"column":2},"end":{"line":31,"column":21}}},"fnMap":{"0":{"name":"(anonymous_0)","decl":{"start":{"line":27,"column":23},"end":{"line":27,"column":24}},"loc":{"start":{"line":27,"column":36},"end":{"line":29,"column":1}}},"1":{"name":"(anonymous_1)","decl":{"start":{"line":30,"column":16},"end":{"line":30,"column":17}},"loc":{"start":{"line":30,"column":29},"end":{"line":32,"column":1}}}},"branchMap":{},"s":{"0":4,"1":4,"2":4,"3":4,"4":4,"5":4,"6":4,"7":4,"8":4,"9":4,"10":4,"11":4,"12":4,"13":0,"14":4,"15":1},"f":{"0":0,"1":1},"b":{}}
,"E:\\mind-care-backend\\src\\routes\\client\\journal\\journal.route.ts": {"path":"E:\\mind-care-backend\\src\\routes\\client\\journal\\journal.route.ts","statementMap":{"0":{"start":{"line":1,"column":0},"end":{"line":1,"column":33}},"1":{"start":{"line":2,"column":15},"end":{"line":2,"column":23}},"2":{"start":{"line":92,"column":18},"end":{"line":92,"column":31}},"3":{"start":{"line":7,"column":0},"end":{"line":7,"column":null}},"4":{"start":{"line":11,"column":0},"end":{"line":11,"column":null}},"5":{"start":{"line":28,"column":0},"end":{"line":28,"column":null}},"6":{"start":{"line":45,"column":0},"end":{"line":45,"column":null}},"7":{"start":{"line":47,"column":0},"end":{"line":47,"column":null}},"8":{"start":{"line":48,"column":0},"end":{"line":48,"column":null}},"9":{"start":{"line":50,"column":0},"end":{"line":50,"column":null}},"10":{"start":{"line":51,"column":0},"end":{"line":51,"column":null}},"11":{"start":{"line":53,"column":0},"end":{"line":53,"column":null}},"12":{"start":{"line":54,"column":0},"end":{"line":54,"column":null}},"13":{"start":{"line":56,"column":0},"end":{"line":56,"column":null}},"14":{"start":{"line":57,"column":0},"end":{"line":57,"column":null}},"15":{"start":{"line":59,"column":0},"end":{"line":59,"column":null}},"16":{"start":{"line":60,"column":0},"end":{"line":60,"column":null}},"17":{"start":{"line":62,"column":0},"end":{"line":62,"column":null}},"18":{"start":{"line":63,"column":0},"end":{"line":63,"column":null}},"19":{"start":{"line":65,"column":0},"end":{"line":65,"column":null}},"20":{"start":{"line":66,"column":0},"end":{"line":66,"column":null}},"21":{"start":{"line":68,"column":0},"end":{"line":68,"column":null}},"22":{"start":{"line":69,"column":0},"end":{"line":69,"column":null}},"23":{"start":{"line":71,"column":0},"end":{"line":71,"column":null}},"24":{"start":{"line":72,"column":0},"end":{"line":72,"column":null}},"25":{"start":{"line":76,"column":0},"end":{"line":76,"column":null}},"26":{"start":{"line":77,"column":0},"end":{"line":77,"column":null}},"27":{"start":{"line":79,"column":0},"end":{"line":79,"column":null}},"28":{"start":{"line":80,"column":0},"end":{"line":80,"column":null}},"29":{"start":{"line":82,"column":0},"end":{"line":82,"column":null}},"30":{"start":{"line":83,"column":0},"end":{"line":83,"column":null}},"31":{"start":{"line":85,"column":0},"end":{"line":85,"column":null}},"32":{"start":{"line":86,"column":0},"end":{"line":86,"column":null}},"33":{"start":{"line":88,"column":0},"end":{"line":88,"column":null}},"34":{"start":{"line":89,"column":0},"end":{"line":89,"column":null}}},"fnMap":{},"branchMap":{},"s":{"0":4,"1":4,"2":4,"3":4,"4":4,"5":4,"6":4,"7":4,"8":4,"9":4,"10":4,"11":4,"12":4,"13":4,"14":4,"15":4,"16":4,"17":4,"18":4,"19":4,"20":4,"21":4,"22":4,"23":4,"24":4,"25":4,"26":4,"27":4,"28":4,"29":4,"30":4,"31":4,"32":4,"33":4,"34":4},"f":{},"b":{}}
,"E:\\mind-care-backend\\src\\routes\\client\\payment\\payment.route.ts": {"path":"E:\\mind-care-backend\\src\\routes\\client\\payment\\payment.route.ts","statementMap":{"0":{"start":{"line":1,"column":0},"end":{"line":1,"column":33}},"1":{"start":{"line":2,"column":0},"end":{"line":2,"column":81}},"2":{"start":{"line":4,"column":23},"end":{"line":4,"column":31}},"3":{"start":{"line":8,"column":19},"end":{"line":8,"column":32}},"4":{"start":{"line":6,"column":0},"end":{"line":6,"column":59}}},"fnMap":{},"branchMap":{},"s":{"0":4,"1":4,"2":4,"3":4,"4":4},"f":{},"b":{}}
,"E:\\mind-care-backend\\src\\routes\\client\\psychologicalProfile\\psychologicalProfile.route.ts": {"path":"E:\\mind-care-backend\\src\\routes\\client\\psychologicalProfile\\psychologicalProfile.route.ts","statementMap":{"0":{"start":{"line":1,"column":0},"end":{"line":1,"column":33}},"1":{"start":{"line":2,"column":15},"end":{"line":2,"column":23}},"2":{"start":{"line":18,"column":18},"end":{"line":18,"column":44}},"3":{"start":{"line":6,"column":0},"end":{"line":6,"column":null}},"4":{"start":{"line":14,"column":0},"end":{"line":14,"column":null}},"5":{"start":{"line":15,"column":0},"end":{"line":15,"column":null}},"6":{"start":{"line":16,"column":0},"end":{"line":16,"column":null}}},"fnMap":{},"branchMap":{},"s":{"0":4,"1":4,"2":4,"3":4,"4":4,"5":4,"6":4},"f":{},"b":{}}
,"E:\\mind-care-backend\\src\\routes\\client\\reminder\\reminder.route.ts": {"path":"E:\\mind-care-backend\\src\\routes\\client\\reminder\\reminder.route.ts","statementMap":{"0":{"start":{"line":1,"column":0},"end":{"line":1,"column":33}},"1":{"start":{"line":2,"column":15},"end":{"line":2,"column":23}},"2":{"start":{"line":18,"column":18},"end":{"line":18,"column":32}},"3":{"start":{"line":5,"column":0},"end":{"line":5,"column":null}},"4":{"start":{"line":10,"column":0},"end":{"line":10,"column":null}},"5":{"start":{"line":12,"column":0},"end":{"line":12,"column":null}},"6":{"start":{"line":14,"column":0},"end":{"line":14,"column":null}},"7":{"start":{"line":16,"column":0},"end":{"line":16,"column":null}}},"fnMap":{},"branchMap":{},"s":{"0":4,"1":4,"2":4,"3":4,"4":4,"5":4,"6":4,"7":4},"f":{},"b":{}}
,"E:\\mind-care-backend\\src\\routes\\client\\therapist\\therapist.route.ts": {"path":"E:\\mind-care-backend\\src\\routes\\client\\therapist\\therapist.route.ts","statementMap":{"0":{"start":{"line":1,"column":0},"end":{"line":1,"column":33}},"1":{"start":{"line":2,"column":22},"end":{"line":2,"column":30}},"2":{"start":{"line":11,"column":19},"end":{"line":11,"column":34}},"3":{"start":{"line":4,"column":0},"end":{"line":4,"column":95}},"4":{"start":{"line":6,"column":0},"end":{"line":6,"column":41}},"5":{"start":{"line":7,"column":0},"end":{"line":7,"column":null}}},"fnMap":{},"branchMap":{},"s":{"0":4,"1":4,"2":4,"3":4,"4":4,"5":4},"f":{},"b":{}}
,"E:\\mind-care-backend\\src\\routes\\therapist\\therapist.route.ts": {"path":"E:\\mind-care-backend\\src\\routes\\therapist\\therapist.route.ts","statementMap":{"0":{"start":{"line":1,"column":0},"end":{"line":1,"column":33}},"1":{"start":{"line":2,"column":22},"end":{"line":2,"column":30}},"2":{"start":{"line":17,"column":19},"end":{"line":17,"column":34}},"3":{"start":{"line":5,"column":0},"end":{"line":5,"column":50}},"4":{"start":{"line":6,"column":0},"end":{"line":6,"column":59}},"5":{"start":{"line":7,"column":0},"end":{"line":7,"column":66}},"6":{"start":{"line":10,"column":0},"end":{"line":10,"column":null}},"7":{"start":{"line":11,"column":0},"end":{"line":11,"column":null}},"8":{"start":{"line":12,"column":0},"end":{"line":12,"column":null}}},"fnMap":{},"branchMap":{},"s":{"0":4,"1":4,"2":4,"3":4,"4":4,"5":4,"6":4,"7":4,"8":4},"f":{},"b":{}}
,"E:\\mind-care-backend\\src\\routes\\therapist\\auth\\auth.route.ts": {"path":"E:\\mind-care-backend\\src\\routes\\therapist\\auth\\auth.route.ts","statementMap":{"0":{"start":{"line":1,"column":0},"end":{"line":1,"column":33}},"1":{"start":{"line":2,"column":22},"end":{"line":2,"column":30}},"2":{"start":{"line":91,"column":19},"end":{"line":91,"column":29}},"3":{"start":{"line":4,"column":0},"end":{"line":4,"column":76}},"4":{"start":{"line":5,"column":0},"end":{"line":5,"column":74}},"5":{"start":{"line":7,"column":0},"end":{"line":7,"column":null}},"6":{"start":{"line":43,"column":0},"end":{"line":43,"column":null}},"7":{"start":{"line":68,"column":0},"end":{"line":68,"column":null}},"8":{"start":{"line":70,"column":0},"end":{"line":70,"column":null}},"9":{"start":{"line":72,"column":0},"end":{"line":72,"column":null}},"10":{"start":{"line":74,"column":0},"end":{"line":74,"column":null}},"11":{"start":{"line":76,"column":0},"end":{"line":76,"column":47}},"12":{"start":{"line":78,"column":0},"end":{"line":78,"column":null}},"13":{"start":{"line":80,"column":0},"end":{"line":80,"column":null}},"14":{"start":{"line":82,"column":0},"end":{"line":84,"column":3}},"15":{"start":{"line":83,"column":2},"end":{"line":83,"column":35}},"16":{"start":{"line":86,"column":0},"end":{"line":86,"column":null}},"17":{"start":{"line":87,"column":0},"end":{"line":89,"column":3}},"18":{"start":{"line":88,"column":2},"end":{"line":88,"column":24}}},"fnMap":{"0":{"name":"(anonymous_0)","decl":{"start":{"line":82,"column":23},"end":{"line":82,"column":24}},"loc":{"start":{"line":82,"column":36},"end":{"line":84,"column":1}}},"1":{"name":"(anonymous_1)","decl":{"start":{"line":87,"column":16},"end":{"line":87,"column":17}},"loc":{"start":{"line":87,"column":29},"end":{"line":89,"column":1}}}},"branchMap":{},"s":{"0":4,"1":4,"2":4,"3":4,"4":4,"5":4,"6":4,"7":4,"8":4,"9":4,"10":4,"11":4,"12":4,"13":4,"14":4,"15":0,"16":4,"17":4,"18":1},"f":{"0":0,"1":1},"b":{}}
,"E:\\mind-care-backend\\src\\routes\\therapist\\communityForum\\comment.route.ts": {"path":"E:\\mind-care-backend\\src\\routes\\therapist\\communityForum\\comment.route.ts","statementMap":{"0":{"start":{"line":1,"column":0},"end":{"line":1,"column":33}},"1":{"start":{"line":2,"column":22},"end":{"line":2,"column":30}},"2":{"start":{"line":31,"column":19},"end":{"line":31,"column":32}},"3":{"start":{"line":4,"column":0},"end":{"line":4,"column":null}},"4":{"start":{"line":15,"column":0},"end":{"line":15,"column":null}},"5":{"start":{"line":17,"column":0},"end":{"line":17,"column":null}},"6":{"start":{"line":19,"column":0},"end":{"line":19,"column":null}},"7":{"start":{"line":21,"column":0},"end":{"line":21,"column":null}},"8":{"start":{"line":23,"column":0},"end":{"line":23,"column":null}},"9":{"start":{"line":25,"column":0},"end":{"line":25,"column":null}},"10":{"start":{"line":27,"column":0},"end":{"line":27,"column":null}},"11":{"start":{"line":29,"column":0},"end":{"line":29,"column":null}}},"fnMap":{},"branchMap":{},"s":{"0":4,"1":4,"2":4,"3":4,"4":4,"5":4,"6":4,"7":4,"8":4,"9":4,"10":4,"11":4},"f":{},"b":{}}
,"E:\\mind-care-backend\\src\\routes\\therapist\\communityForum\\post.route.ts": {"path":"E:\\mind-care-backend\\src\\routes\\therapist\\communityForum\\post.route.ts","statementMap":{"0":{"start":{"line":1,"column":0},"end":{"line":1,"column":33}},"1":{"start":{"line":2,"column":22},"end":{"line":2,"column":30}},"2":{"start":{"line":62,"column":19},"end":{"line":62,"column":29}},"3":{"start":{"line":4,"column":0},"end":{"line":4,"column":null}},"4":{"start":{"line":45,"column":0},"end":{"line":45,"column":31}},"5":{"start":{"line":47,"column":0},"end":{"line":47,"column":null}},"6":{"start":{"line":49,"column":0},"end":{"line":49,"column":null}},"7":{"start":{"line":51,"column":0},"end":{"line":51,"column":null}},"8":{"start":{"line":53,"column":0},"end":{"line":53,"column":null}},"9":{"start":{"line":55,"column":0},"end":{"line":55,"column":null}},"10":{"start":{"line":57,"column":0},"end":{"line":57,"column":null}},"11":{"start":{"line":59,"column":0},"end":{"line":59,"column":null}}},"fnMap":{},"branchMap":{},"s":{"0":4,"1":4,"2":4,"3":4,"4":4,"5":4,"6":4,"7":4,"8":4,"9":4,"10":4,"11":4},"f":{},"b":{}}
,"E:\\mind-care-backend\\src\\utils\\cors.util.ts": {"path":"E:\\mind-care-backend\\src\\utils\\cors.util.ts","statementMap":{"0":{"start":{"line":3,"column":41},"end":{"line":8,"column":1}},"1":{"start":{"line":4,"column":1},"end":{"line":4,"column":48}},"2":{"start":{"line":5,"column":1},"end":{"line":5,"column":77}},"3":{"start":{"line":6,"column":1},"end":{"line":6,"column":60}},"4":{"start":{"line":7,"column":1},"end":{"line":7,"column":8}},"5":{"start":{"line":3,"column":13},"end":{"line":3,"column":41}}},"fnMap":{"0":{"name":"(anonymous_0)","decl":{"start":{"line":3,"column":41},"end":{"line":3,"column":42}},"loc":{"start":{"line":3,"column":90},"end":{"line":8,"column":1}}}},"branchMap":{},"s":{"0":4,"1":4,"2":4,"3":4,"4":4,"5":4},"f":{"0":4},"b":{}}
,"E:\\mind-care-backend\\src\\utils\\sendmail.util.ts": {"path":"E:\\mind-care-backend\\src\\utils\\sendmail.util.ts","statementMap":{"0":{"start":{"line":1,"column":0},"end":{"line":1,"column":35}},"1":{"start":{"line":3,"column":32},"end":{"line":3,"column":43}},"2":{"start":{"line":4,"column":27},"end":{"line":41,"column":1}},"3":{"start":{"line":8,"column":1},"end":{"line":11,"column":null}},"4":{"start":{"line":9,"column":2},"end":{"line":9,"column":null}},"5":{"start":{"line":11,"column":2},"end":{"line":11,"column":null}},"6":{"start":{"line":13,"column":76},"end":{"line":20,"column":3}},"7":{"start":{"line":22,"column":45},"end":{"line":32,"column":3}},"8":{"start":{"line":33,"column":1},"end":{"line":33,"column":49}},"9":{"start":{"line":37,"column":1},"end":{"line":37,"column":68}},"10":{"start":{"line":39,"column":38},"end":{"line":39,"column":72}},"11":{"start":{"line":40,"column":1},"end":{"line":40,"column":null}},"12":{"start":{"line":4,"column":13},"end":{"line":4,"column":27}},"13":{"start":{"line":42,"column":36},"end":{"line":76,"column":1}},"14":{"start":{"line":45,"column":21},"end":{"line":52,"column":3}},"15":{"start":{"line":54,"column":1},"end":{"line":57,"column":null}},"16":{"start":{"line":55,"column":2},"end":{"line":55,"column":null}},"17":{"start":{"line":57,"column":2},"end":{"line":57,"column":null}},"18":{"start":{"line":59,"column":45},"end":{"line":69,"column":3}},"19":{"start":{"line":70,"column":1},"end":{"line":70,"column":49}},"20":{"start":{"line":74,"column":1},"end":{"line":74,"column":68}},"21":{"start":{"line":42,"column":13},"end":{"line":42,"column":36}}},"fnMap":{"0":{"name":"(anonymous_1)","decl":{"start":{"line":4,"column":27},"end":{"line":4,"column":32}},"loc":{"start":{"line":4,"column":80},"end":{"line":41,"column":1}}},"1":{"name":"(anonymous_2)","decl":{"start":{"line":42,"column":36},"end":{"line":42,"column":41}},"loc":{"start":{"line":42,"column":104},"end":{"line":76,"column":1}}}},"branchMap":{"0":{"loc":{"start":{"line":8,"column":1},"end":{"line":11,"column":null}},"type":"if","locations":[{"start":{"line":8,"column":1},"end":{"line":11,"column":null}},{"start":{"line":11,"column":2},"end":{"line":11,"column":null}}]},"1":{"loc":{"start":{"line":54,"column":1},"end":{"line":57,"column":null}},"type":"if","locations":[{"start":{"line":54,"column":1},"end":{"line":57,"column":null}},{"start":{"line":57,"column":2},"end":{"line":57,"column":null}}]}},"s":{"0":4,"1":4,"2":4,"3":0,"4":0,"5":0,"6":0,"7":0,"8":0,"9":0,"10":0,"11":0,"12":4,"13":4,"14":0,"15":0,"16":0,"17":0,"18":0,"19":0,"20":0,"21":4},"f":{"0":0,"1":0},"b":{"0":[0,0],"1":[0,0]}}
,"E:\\mind-care-backend\\src\\utils\\swagger.util.ts": {"path":"E:\\mind-care-backend\\src\\utils\\swagger.util.ts","statementMap":{"0":{"start":{"line":1,"column":13},"end":{"line":21,"column":2}}},"fnMap":{},"branchMap":{},"s":{"0":4},"f":{},"b":{}}
}
