TN:
SF:app.ts
FN:46,(anonymous_1)
FN:50,(anonymous_2)
FNF:2
FNH:2
FNDA:1,(anonymous_1)
FNDA:4,(anonymous_2)
DA:2,4
DA:3,4
DA:5,4
DA:6,4
DA:7,4
DA:8,4
DA:9,4
DA:10,4
DA:11,4
DA:12,4
DA:13,4
DA:16,4
DA:19,4
DA:21,4
DA:22,4
DA:23,4
DA:24,4
DA:29,4
DA:30,4
DA:33,4
DA:34,4
DA:35,4
DA:38,4
DA:41,4
DA:42,4
DA:43,4
DA:46,4
DA:47,1
DA:50,4
DA:51,4
DA:57,4
LF:31
LH:31
BRF:0
BRH:0
end_of_record
TN:
SF:src\config\db.config.ts
FN:6,(anonymous_1)
FN:20,(anonymous_2)
FNF:2
FNH:2
FNDA:9,(anonymous_1)
FNDA:5,(anonymous_2)
DA:1,4
DA:2,4
DA:4,4
DA:5,4
DA:6,4
DA:8,9
DA:9,9
DA:10,9
DA:13,0
DA:14,0
DA:15,0
DA:20,4
DA:21,5
LF:13
LH:10
BRDA:4,0,0,4
BRDA:4,0,1,0
BRF:2
BRH:1
end_of_record
TN:
SF:src\config\stripe.config.ts
FNF:0
FNH:0
DA:1,4
DA:2,4
DA:3,4
DA:4,4
DA:5,4
LF:5
LH:5
BRDA:3,0,0,4
BRDA:3,0,1,0
BRDA:4,1,0,4
BRDA:4,1,1,0
BRF:4
BRH:2
end_of_record
TN:
SF:src\controllers\admin.controller.ts
FN:8,(anonymous_0)
FN:23,(anonymous_1)
FN:31,(anonymous_2)
FNF:3
FNH:0
FNDA:0,(anonymous_0)
FNDA:0,(anonymous_1)
FNDA:0,(anonymous_2)
DA:4,4
DA:6,4
DA:8,4
DA:9,0
DA:13,0
DA:14,0
DA:15,0
DA:16,0
DA:17,0
DA:18,0
DA:21,0
DA:23,4
DA:24,0
DA:25,0
DA:26,0
DA:28,0
DA:31,4
DA:32,0
DA:33,0
DA:34,0
DA:35,0
DA:36,0
DA:39,0
LF:23
LH:5
BRDA:13,0,0,0
BRDA:13,1,0,0
BRDA:13,1,1,0
BRDA:17,2,0,0
BRDA:17,2,1,0
BRDA:17,3,0,0
BRDA:17,3,1,0
BRDA:35,4,0,0
BRDA:35,4,1,0
BRDA:35,5,0,0
BRDA:35,5,1,0
BRF:11
BRH:0
end_of_record
TN:
SF:src\controllers\client.controller.ts
FN:7,(anonymous_1)
FN:24,(anonymous_2)
FN:36,(anonymous_3)
FN:50,(anonymous_4)
FN:57,(anonymous_5)
FN:91,(anonymous_6)
FN:113,(anonymous_7)
FNF:7
FNH:0
FNDA:0,(anonymous_1)
FNDA:0,(anonymous_2)
FNDA:0,(anonymous_3)
FNDA:0,(anonymous_4)
FNDA:0,(anonymous_5)
FNDA:0,(anonymous_6)
FNDA:0,(anonymous_7)
DA:2,4
DA:3,4
DA:4,4
DA:5,4
DA:7,4
DA:9,0
DA:11,0
DA:12,0
DA:13,0
DA:19,0
DA:21,0
DA:24,4
DA:25,0
DA:26,0
DA:29,0
DA:30,0
DA:31,0
DA:32,0
DA:33,0
DA:34,0
DA:36,4
DA:37,0
DA:38,0
DA:45,0
DA:47,0
DA:50,4
DA:51,0
DA:52,0
DA:53,0
DA:54,0
DA:55,0
DA:57,4
DA:59,0
DA:64,0
DA:65,0
DA:68,0
DA:70,0
DA:75,0
DA:76,0
DA:80,0
DA:81,0
DA:82,0
DA:85,0
DA:89,0
DA:91,4
DA:94,0
DA:99,0
DA:100,0
DA:103,0
DA:104,0
DA:105,0
DA:106,0
DA:108,0
DA:109,0
DA:113,4
DA:114,0
DA:115,0
DA:116,0
DA:117,0
DA:118,0
DA:121,0
LF:61
LH:11
BRDA:29,0,0,0
BRDA:29,1,0,0
BRDA:29,1,1,0
BRDA:64,2,0,0
BRDA:64,3,0,0
BRDA:64,3,1,0
BRDA:68,4,0,0
BRDA:75,5,0,0
BRDA:75,6,0,0
BRDA:75,6,1,0
BRDA:82,7,0,0
BRDA:82,7,1,0
BRDA:82,8,0,0
BRDA:82,8,1,0
BRDA:82,8,2,0
BRDA:99,9,0,0
BRDA:99,10,0,0
BRDA:99,10,1,0
BRDA:105,11,0,0
BRDA:105,12,0,0
BRDA:105,12,1,0
BRDA:117,13,0,0
BRDA:117,13,1,0
BRDA:117,14,0,0
BRDA:117,14,1,0
BRF:25
BRH:0
end_of_record
TN:
SF:src\controllers\journal.controller.ts
FN:6,(anonymous_0)
FN:16,(anonymous_1)
FN:26,(anonymous_2)
FN:39,(anonymous_3)
FN:50,(anonymous_4)
FN:61,(anonymous_5)
FN:74,(anonymous_6)
FN:86,(anonymous_7)
FN:98,(anonymous_8)
FN:113,(anonymous_9)
FN:124,(anonymous_10)
FN:135,(anonymous_11)
FN:149,(anonymous_12)
FN:160,(anonymous_13)
FN:172,(anonymous_14)
FN:185,(anonymous_15)
FN:197,(anonymous_16)
FN:208,(anonymous_17)
FN:221,(anonymous_18)
FN:234,(anonymous_19)
FN:246,(anonymous_20)
FN:259,(anonymous_21)
FN:271,(anonymous_22)
FN:282,(anonymous_23)
FN:294,(anonymous_24)
FN:305,(anonymous_25)
FN:317,(anonymous_26)
FN:333,(anonymous_27)
FN:344,(anonymous_28)
FN:356,(anonymous_29)
FN:369,(anonymous_30)
FN:379,(anonymous_31)
FN:389,(anonymous_32)
FN:403,(anonymous_33)
FN:414,(anonymous_34)
FN:425,(anonymous_35)
FN:438,(anonymous_36)
FN:450,(anonymous_37)
FN:462,(anonymous_38)
FN:476,(anonymous_39)
FN:488,(anonymous_40)
FN:500,(anonymous_41)
FN:515,(anonymous_42)
FNF:43
FNH:0
FNDA:0,(anonymous_0)
FNDA:0,(anonymous_1)
FNDA:0,(anonymous_2)
FNDA:0,(anonymous_3)
FNDA:0,(anonymous_4)
FNDA:0,(anonymous_5)
FNDA:0,(anonymous_6)
FNDA:0,(anonymous_7)
FNDA:0,(anonymous_8)
FNDA:0,(anonymous_9)
FNDA:0,(anonymous_10)
FNDA:0,(anonymous_11)
FNDA:0,(anonymous_12)
FNDA:0,(anonymous_13)
FNDA:0,(anonymous_14)
FNDA:0,(anonymous_15)
FNDA:0,(anonymous_16)
FNDA:0,(anonymous_17)
FNDA:0,(anonymous_18)
FNDA:0,(anonymous_19)
FNDA:0,(anonymous_20)
FNDA:0,(anonymous_21)
FNDA:0,(anonymous_22)
FNDA:0,(anonymous_23)
FNDA:0,(anonymous_24)
FNDA:0,(anonymous_25)
FNDA:0,(anonymous_26)
FNDA:0,(anonymous_27)
FNDA:0,(anonymous_28)
FNDA:0,(anonymous_29)
FNDA:0,(anonymous_30)
FNDA:0,(anonymous_31)
FNDA:0,(anonymous_32)
FNDA:0,(anonymous_33)
FNDA:0,(anonymous_34)
FNDA:0,(anonymous_35)
FNDA:0,(anonymous_36)
FNDA:0,(anonymous_37)
FNDA:0,(anonymous_38)
FNDA:0,(anonymous_39)
FNDA:0,(anonymous_40)
FNDA:0,(anonymous_41)
FNDA:0,(anonymous_42)
DA:4,4
DA:6,4
DA:7,0
DA:9,0
DA:10,0
DA:12,0
DA:14,0
DA:16,4
DA:17,0
DA:19,0
DA:20,0
DA:22,0
DA:24,0
DA:26,4
DA:27,0
DA:29,0
DA:30,0
DA:32,0
DA:34,0
DA:37,4
DA:39,4
DA:40,0
DA:42,0
DA:43,0
DA:45,0
DA:47,0
DA:50,4
DA:51,0
DA:53,0
DA:54,0
DA:56,0
DA:58,0
DA:61,4
DA:62,0
DA:64,0
DA:65,0
DA:67,0
DA:69,0
DA:72,4
DA:74,4
DA:75,0
DA:77,0
DA:78,0
DA:80,0
DA:82,0
DA:86,4
DA:87,0
DA:89,0
DA:90,0
DA:92,0
DA:94,0
DA:98,4
DA:99,0
DA:101,0
DA:102,0
DA:104,0
DA:106,0
DA:111,4
DA:113,4
DA:114,0
DA:116,0
DA:117,0
DA:119,0
DA:121,0
DA:124,4
DA:125,0
DA:127,0
DA:128,0
DA:130,0
DA:132,0
DA:135,4
DA:136,0
DA:138,0
DA:139,0
DA:141,0
DA:143,0
DA:147,4
DA:149,4
DA:150,0
DA:152,0
DA:153,0
DA:155,0
DA:157,0
DA:160,4
DA:161,0
DA:163,0
DA:164,0
DA:166,0
DA:168,0
DA:172,4
DA:173,0
DA:175,0
DA:176,0
DA:178,0
DA:180,0
DA:183,4
DA:185,4
DA:186,0
DA:188,0
DA:189,0
DA:191,0
DA:193,0
DA:197,4
DA:198,0
DA:200,0
DA:201,0
DA:203,0
DA:205,0
DA:208,4
DA:209,0
DA:211,0
DA:212,0
DA:214,0
DA:216,0
DA:219,4
DA:221,4
DA:223,0
DA:225,0
DA:226,0
DA:228,0
DA:230,0
DA:234,4
DA:235,0
DA:237,0
DA:238,0
DA:240,0
DA:242,0
DA:246,4
DA:247,0
DA:249,0
DA:250,0
DA:252,0
DA:254,0
DA:257,4
DA:259,4
DA:260,0
DA:262,0
DA:263,0
DA:265,0
DA:267,0
DA:271,4
DA:272,0
DA:274,0
DA:275,0
DA:277,0
DA:279,0
DA:282,4
DA:283,0
DA:285,0
DA:286,0
DA:288,0
DA:290,0
DA:292,4
DA:294,4
DA:295,0
DA:297,0
DA:298,0
DA:300,0
DA:302,0
DA:305,4
DA:306,0
DA:308,0
DA:309,0
DA:311,0
DA:313,0
DA:317,4
DA:318,0
DA:320,0
DA:321,0
DA:323,0
DA:325,0
DA:331,4
DA:333,4
DA:334,0
DA:336,0
DA:337,0
DA:339,0
DA:341,0
DA:344,4
DA:345,0
DA:347,0
DA:348,0
DA:350,0
DA:352,0
DA:356,4
DA:357,0
DA:359,0
DA:360,0
DA:362,0
DA:364,0
DA:367,4
DA:369,4
DA:370,0
DA:372,0
DA:373,0
DA:375,0
DA:377,0
DA:379,4
DA:380,0
DA:382,0
DA:383,0
DA:385,0
DA:387,0
DA:389,4
DA:390,0
DA:392,0
DA:393,0
DA:395,0
DA:397,0
DA:401,4
DA:403,4
DA:404,0
DA:406,0
DA:407,0
DA:409,0
DA:411,0
DA:414,4
DA:415,0
DA:417,0
DA:418,0
DA:420,0
DA:422,0
DA:425,4
DA:426,0
DA:428,0
DA:429,0
DA:431,0
DA:433,0
DA:436,4
DA:438,4
DA:439,0
DA:441,0
DA:442,0
DA:444,0
DA:446,0
DA:450,4
DA:451,0
DA:453,0
DA:454,0
DA:456,0
DA:458,0
DA:462,4
DA:463,0
DA:465,0
DA:466,0
DA:468,0
DA:470,0
DA:474,4
DA:476,4
DA:477,0
DA:479,0
DA:480,0
DA:482,0
DA:484,0
DA:488,4
DA:489,0
DA:491,0
DA:492,0
DA:494,0
DA:496,0
DA:500,4
DA:501,0
DA:503,0
DA:504,0
DA:506,0
DA:508,0
DA:515,4
LF:267
LH:57
BRF:0
BRH:0
end_of_record
TN:
SF:src\controllers\payment.controller.ts
FN:9,(anonymous_0)
FNF:1
FNH:0
FNDA:0,(anonymous_0)
DA:7,4
DA:9,4
DA:16,0
DA:17,0
DA:36,0
LF:5
LH:2
BRF:0
BRH:0
end_of_record
TN:
SF:src\controllers\psychologicalProfile.controller.ts
FN:3,(anonymous_0)
FN:17,(anonymous_1)
FN:32,(anonymous_2)
FNF:3
FNH:0
FNDA:0,(anonymous_0)
FNDA:0,(anonymous_1)
FNDA:0,(anonymous_2)
DA:2,4
DA:3,4
DA:4,0
DA:5,0
DA:6,0
DA:8,0
DA:9,0
DA:11,0
DA:12,0
DA:14,0
DA:17,4
DA:18,0
DA:19,0
DA:20,0
DA:22,0
DA:23,0
DA:25,0
DA:26,0
DA:28,0
DA:32,4
DA:33,0
DA:35,0
DA:36,0
DA:38,0
DA:39,0
DA:41,0
LF:26
LH:4
BRF:0
BRH:0
end_of_record
TN:
SF:src\controllers\reminder.controller.ts
FN:4,(anonymous_0)
FN:15,(anonymous_1)
FN:27,(anonymous_2)
FN:38,(anonymous_3)
FNF:4
FNH:0
FNDA:0,(anonymous_0)
FNDA:0,(anonymous_1)
FNDA:0,(anonymous_2)
FNDA:0,(anonymous_3)
DA:2,4
DA:4,4
DA:5,0
DA:7,0
DA:8,0
DA:10,0
DA:12,0
DA:15,4
DA:16,0
DA:18,0
DA:19,0
DA:22,0
DA:24,0
DA:27,4
DA:28,0
DA:30,0
DA:31,0
DA:33,0
DA:35,0
DA:38,4
DA:39,0
DA:41,0
DA:42,0
DA:44,0
DA:46,0
LF:25
LH:5
BRF:0
BRH:0
end_of_record
TN:
SF:src\controllers\therapist.controller.ts
FN:8,(anonymous_1)
FN:24,(anonymous_2)
FN:45,(anonymous_3)
FN:60,(anonymous_4)
FN:72,(anonymous_5)
FN:86,(anonymous_6)
FN:94,(anonymous_7)
FN:123,(anonymous_8)
FN:143,(anonymous_9)
FN:154,(anonymous_10)
FN:164,(anonymous_11)
FNF:11
FNH:0
FNDA:0,(anonymous_1)
FNDA:0,(anonymous_2)
FNDA:0,(anonymous_3)
FNDA:0,(anonymous_4)
FNDA:0,(anonymous_5)
FNDA:0,(anonymous_6)
FNDA:0,(anonymous_7)
FNDA:0,(anonymous_8)
FNDA:0,(anonymous_9)
FNDA:0,(anonymous_10)
FNDA:0,(anonymous_11)
DA:2,4
DA:3,4
DA:4,4
DA:6,4
DA:8,4
DA:9,0
DA:10,0
DA:12,0
DA:13,0
DA:19,0
DA:20,0
DA:22,0
DA:24,4
DA:26,0
DA:27,0
DA:29,0
DA:30,0
DA:34,0
DA:35,0
DA:38,0
DA:39,0
DA:43,0
DA:45,4
DA:46,0
DA:47,0
DA:48,0
DA:49,0
DA:55,0
DA:57,0
DA:60,4
DA:61,0
DA:62,0
DA:65,0
DA:66,0
DA:67,0
DA:68,0
DA:69,0
DA:70,0
DA:72,4
DA:73,0
DA:74,0
DA:81,0
DA:83,0
DA:86,4
DA:87,0
DA:88,0
DA:89,0
DA:90,0
DA:91,0
DA:94,4
DA:96,0
DA:102,0
DA:103,0
DA:106,0
DA:108,0
DA:114,0
DA:115,0
DA:117,0
DA:118,0
DA:119,0
DA:120,0
DA:123,4
DA:125,0
DA:130,0
DA:131,0
DA:134,0
DA:135,0
DA:137,0
DA:138,0
DA:140,0
DA:141,0
DA:143,4
DA:144,0
DA:145,0
DA:146,0
DA:147,0
DA:148,0
DA:151,0
DA:154,4
DA:155,0
DA:156,0
DA:157,0
DA:159,0
DA:160,0
DA:164,4
DA:165,0
DA:166,0
DA:167,0
DA:169,0
DA:170,0
LF:90
LH:15
BRDA:38,0,0,0
BRDA:38,0,1,0
BRDA:38,1,0,0
BRDA:38,1,1,0
BRDA:65,2,0,0
BRDA:65,3,0,0
BRDA:65,3,1,0
BRDA:102,4,0,0
BRDA:102,5,0,0
BRDA:102,5,1,0
BRDA:106,6,0,0
BRDA:114,7,0,0
BRDA:114,8,0,0
BRDA:114,8,1,0
BRDA:119,9,0,0
BRDA:119,10,0,0
BRDA:119,10,1,0
BRDA:130,11,0,0
BRDA:130,12,0,0
BRDA:130,12,1,0
BRDA:140,13,0,0
BRDA:140,14,0,0
BRDA:140,14,1,0
BRDA:147,15,0,0
BRDA:147,15,1,0
BRDA:147,16,0,0
BRDA:147,16,1,0
BRF:27
BRH:0
end_of_record
TN:
SF:src\controllers\communityForum\comment.controller.ts
FN:9,(anonymous_0)
FN:26,(anonymous_1)
FN:46,(anonymous_2)
FN:61,(anonymous_3)
FN:78,(anonymous_4)
FN:93,(anonymous_5)
FN:112,(anonymous_6)
FN:130,(anonymous_7)
FNF:8
FNH:0
FNDA:0,(anonymous_0)
FNDA:0,(anonymous_1)
FNDA:0,(anonymous_2)
FNDA:0,(anonymous_3)
FNDA:0,(anonymous_4)
FNDA:0,(anonymous_5)
FNDA:0,(anonymous_6)
FNDA:0,(anonymous_7)
DA:2,4
DA:3,4
DA:4,4
DA:5,4
DA:6,4
DA:7,4
DA:9,4
DA:10,0
DA:11,0
DA:13,0
DA:14,0
DA:17,0
DA:19,0
DA:20,0
DA:22,0
DA:26,4
DA:27,0
DA:28,0
DA:30,0
DA:31,0
DA:32,0
DA:37,0
DA:39,0
DA:40,0
DA:42,0
DA:46,4
DA:47,0
DA:49,0
DA:50,0
DA:53,0
DA:55,0
DA:56,0
DA:58,0
DA:61,4
DA:63,0
DA:64,0
DA:66,0
DA:67,0
DA:70,0
DA:72,0
DA:73,0
DA:75,0
DA:78,4
DA:80,0
DA:81,0
DA:84,0
DA:86,0
DA:87,0
DA:89,0
DA:93,4
DA:97,0
DA:98,0
DA:99,0
DA:104,0
DA:106,0
DA:107,0
DA:109,0
DA:112,4
DA:115,0
DA:116,0
DA:117,0
DA:122,0
DA:124,0
DA:125,0
DA:127,0
DA:130,4
DA:134,0
DA:135,0
DA:136,0
DA:141,0
DA:143,0
DA:144,0
DA:146,0
LF:73
LH:14
BRDA:19,0,0,0
BRDA:19,1,0,0
BRDA:19,1,1,0
BRDA:39,2,0,0
BRDA:39,3,0,0
BRDA:39,3,1,0
BRDA:39,3,2,0
BRDA:39,3,3,0
BRDA:55,4,0,0
BRDA:55,5,0,0
BRDA:55,5,1,0
BRDA:72,6,0,0
BRDA:72,7,0,0
BRDA:72,7,1,0
BRDA:86,8,0,0
BRDA:86,9,0,0
BRDA:86,9,1,0
BRDA:106,10,0,0
BRDA:106,11,0,0
BRDA:106,11,1,0
BRDA:106,11,2,0
BRDA:106,11,3,0
BRDA:124,12,0,0
BRDA:124,13,0,0
BRDA:124,13,1,0
BRDA:124,13,2,0
BRDA:124,13,3,0
BRDA:143,14,0,0
BRDA:143,15,0,0
BRDA:143,15,1,0
BRDA:143,15,2,0
BRDA:143,15,3,0
BRF:32
BRH:0
end_of_record
TN:
SF:src\controllers\communityForum\post.controller.ts
FN:8,(anonymous_0)
FN:34,(anonymous_1)
FN:49,(anonymous_2)
FN:64,(anonymous_3)
FN:79,(anonymous_4)
FN:94,(anonymous_5)
FN:115,(anonymous_6)
FN:133,(anonymous_7)
FNF:8
FNH:0
FNDA:0,(anonymous_0)
FNDA:0,(anonymous_1)
FNDA:0,(anonymous_2)
FNDA:0,(anonymous_3)
FNDA:0,(anonymous_4)
FNDA:0,(anonymous_5)
FNDA:0,(anonymous_6)
FNDA:0,(anonymous_7)
DA:2,4
DA:3,4
DA:4,4
DA:5,4
DA:6,4
DA:8,4
DA:18,0
DA:19,0
DA:22,0
DA:23,0
DA:26,0
DA:28,0
DA:29,0
DA:31,0
DA:34,4
DA:35,0
DA:37,0
DA:38,0
DA:41,0
DA:43,0
DA:44,0
DA:46,0
DA:49,4
DA:51,0
DA:52,0
DA:55,0
DA:57,0
DA:58,0
DA:60,0
DA:64,4
DA:66,0
DA:67,0
DA:70,0
DA:72,0
DA:73,0
DA:75,0
DA:79,4
DA:81,0
DA:82,0
DA:85,0
DA:87,0
DA:88,0
DA:90,0
DA:94,4
DA:99,0
DA:100,0
DA:101,0
DA:106,0
DA:108,0
DA:109,0
DA:111,0
DA:115,4
DA:118,0
DA:119,0
DA:120,0
DA:125,0
DA:127,0
DA:128,0
DA:130,0
DA:133,4
DA:136,0
DA:137,0
DA:138,0
DA:143,0
DA:145,0
DA:146,0
DA:148,0
LF:67
LH:13
BRDA:28,0,0,0
BRDA:28,1,0,0
BRDA:28,1,1,0
BRDA:43,2,0,0
BRDA:43,3,0,0
BRDA:43,3,1,0
BRDA:57,4,0,0
BRDA:57,5,0,0
BRDA:57,5,1,0
BRDA:72,6,0,0
BRDA:72,7,0,0
BRDA:72,7,1,0
BRDA:87,8,0,0
BRDA:87,9,0,0
BRDA:87,9,1,0
BRDA:108,10,0,0
BRDA:108,11,0,0
BRDA:108,11,1,0
BRDA:108,11,2,0
BRDA:108,11,3,0
BRDA:127,12,0,0
BRDA:127,13,0,0
BRDA:127,13,1,0
BRDA:127,13,2,0
BRDA:127,13,3,0
BRDA:145,14,0,0
BRDA:145,15,0,0
BRDA:145,15,1,0
BRDA:145,15,2,0
BRDA:145,15,3,0
BRF:30
BRH:0
end_of_record
TN:
SF:src\middlewares\auth.middleware.ts
FN:6,(anonymous_1)
FN:10,(anonymous_2)
FN:17,(anonymous_3)
FN:24,(anonymous_4)
FN:33,(anonymous_5)
FNF:5
FNH:1
FNDA:1,(anonymous_1)
FNDA:0,(anonymous_2)
FNDA:0,(anonymous_3)
FNDA:0,(anonymous_4)
FNDA:0,(anonymous_5)
DA:3,4
DA:4,4
DA:6,4
DA:7,1
DA:8,1
DA:9,1
DA:10,0
DA:11,0
DA:12,0
DA:13,0
DA:17,4
DA:18,0
DA:19,0
DA:20,0
DA:21,0
DA:22,0
DA:23,0
DA:24,0
DA:25,0
DA:26,0
DA:27,0
DA:28,0
DA:29,0
DA:33,4
DA:35,0
DA:44,0
DA:53,0
LF:27
LH:8
BRDA:9,0,0,1
BRDA:11,1,0,0
BRDA:19,2,0,0
BRDA:19,3,0,0
BRDA:19,3,1,0
BRDA:22,4,0,0
BRDA:22,5,0,0
BRDA:22,5,1,0
BRDA:25,6,0,0
BRF:9
BRH:1
end_of_record
TN:
SF:src\models\admin\admin.model.ts
FNF:0
FNH:0
DA:1,4
DA:3,4
DA:45,4
LF:3
LH:3
BRF:0
BRH:0
end_of_record
TN:
SF:src\models\client\client.model.ts
FNF:0
FNH:0
DA:1,4
DA:3,4
DA:43,4
LF:3
LH:3
BRF:0
BRH:0
end_of_record
TN:
SF:src\models\communityForums\comment.model.ts
FNF:0
FNH:0
DA:1,4
DA:4,4
DA:54,4
LF:3
LH:3
BRF:0
BRH:0
end_of_record
TN:
SF:src\models\communityForums\downvote.model.ts
FNF:0
FNH:0
DA:1,4
DA:3,4
DA:29,4
LF:3
LH:3
BRF:0
BRH:0
end_of_record
TN:
SF:src\models\communityForums\post.model.ts
FNF:0
FNH:0
DA:1,4
DA:3,4
DA:55,4
LF:3
LH:3
BRF:0
BRH:0
end_of_record
TN:
SF:src\models\communityForums\report.model.ts
FNF:0
FNH:0
DA:1,4
DA:3,4
DA:33,4
LF:3
LH:3
BRF:0
BRH:0
end_of_record
TN:
SF:src\models\communityForums\upvote.model.ts
FNF:0
FNH:0
DA:1,4
DA:3,4
DA:25,4
LF:3
LH:3
BRF:0
BRH:0
end_of_record
TN:
SF:src\models\journals\AnxietyThoughtRecordJournal.ts
FNF:0
FNH:0
DA:1,4
DA:4,4
DA:20,4
LF:3
LH:3
BRF:0
BRH:0
end_of_record
TN:
SF:src\models\journals\buildingASelfCarePlan.model.ts
FNF:0
FNH:0
DA:1,4
DA:3,4
DA:19,4
LF:3
LH:3
BRF:0
BRH:0
end_of_record
TN:
SF:src\models\journals\challengingNegativeThoughtsAboutYourselfJournal.model.ts
FNF:0
FNH:0
DA:1,4
DA:3,4
DA:19,4
LF:3
LH:3
BRF:0
BRH:0
end_of_record
TN:
SF:src\models\journals\goalSettingJournal.model.ts
FNF:0
FNH:0
DA:1,4
DA:3,4
DA:19,4
LF:3
LH:3
BRF:0
BRH:0
end_of_record
TN:
SF:src\models\journals\gratitudeJournal.model.ts
FNF:0
FNH:0
DA:1,4
DA:2,4
DA:18,4
LF:3
LH:3
BRF:0
BRH:0
end_of_record
TN:
SF:src\models\journals\openJournal.model.ts
FNF:0
FNH:0
DA:1,4
DA:3,4
DA:19,4
LF:3
LH:3
BRF:0
BRH:0
end_of_record
TN:
SF:src\models\journals\problemSolvingJournal.model.ts
FNF:0
FNH:0
DA:1,4
DA:3,4
DA:19,4
LF:3
LH:3
BRF:0
BRH:0
end_of_record
TN:
SF:src\models\journals\reflectionJournal.model.ts
FNF:0
FNH:0
DA:1,4
DA:2,4
DA:17,4
LF:3
LH:3
BRF:0
BRH:0
end_of_record
TN:
SF:src\models\journals\selfAffirmationJournal.model.ts
FNF:0
FNH:0
DA:1,4
DA:2,4
DA:17,4
LF:3
LH:3
BRF:0
BRH:0
end_of_record
TN:
SF:src\models\journals\sleepJournal\calmingtheMind.model.ts
FNF:0
FNH:0
DA:1,4
DA:3,4
DA:19,4
LF:3
LH:3
BRF:0
BRH:0
end_of_record
TN:
SF:src\models\journals\sleepJournal\dreamJournal.model.ts
FNF:0
FNH:0
DA:1,4
DA:3,4
DA:19,4
LF:3
LH:3
BRF:0
BRH:0
end_of_record
TN:
SF:src\models\journals\sleepJournal\findingapeacefulSpace.model.ts
FNF:0
FNH:0
DA:1,4
DA:3,4
DA:19,4
LF:3
LH:3
BRF:0
BRH:0
end_of_record
TN:
SF:src\models\journals\sleepJournal\lookingforwardtoTomorrow.model.ts
FNF:0
FNH:0
DA:1,4
DA:3,4
DA:19,4
LF:3
LH:3
BRF:0
BRH:0
end_of_record
TN:
SF:src\models\journals\sleepJournal\planningthedayAhead.model.ts
FNF:0
FNH:0
DA:1,4
DA:3,4
DA:19,4
LF:3
LH:3
BRF:0
BRH:0
end_of_record
TN:
SF:src\models\psychologicalProfile\psychologicalProfile.model.ts
FNF:0
FNH:0
DA:1,4
DA:3,4
DA:58,4
LF:3
LH:3
BRF:0
BRH:0
end_of_record
TN:
SF:src\models\reminder\reminder.model.ts
FNF:0
FNH:0
DA:1,4
DA:3,4
DA:22,4
LF:3
LH:3
BRF:0
BRH:0
end_of_record
TN:
SF:src\models\therapist\therapist.model.ts
FNF:0
FNH:0
DA:1,4
DA:2,4
DA:72,4
LF:3
LH:3
BRF:0
BRH:0
end_of_record
TN:
SF:src\routes\admin\admin.route.ts
FN:9,(anonymous_0)
FNF:1
FNH:0
FNDA:0,(anonymous_0)
DA:1,4
DA:2,4
DA:4,4
DA:6,4
DA:9,4
DA:10,0
DA:13,4
LF:7
LH:6
BRF:0
BRH:0
end_of_record
TN:
SF:src\routes\admin\auth\auth.route.ts
FN:7,(anonymous_0)
FN:13,(anonymous_1)
FNF:2
FNH:0
FNDA:0,(anonymous_0)
FNDA:0,(anonymous_1)
DA:1,4
DA:2,4
DA:4,4
DA:5,4
DA:7,4
DA:8,0
DA:10,4
DA:11,4
DA:12,4
DA:13,4
DA:14,0
DA:17,4
LF:12
LH:10
BRF:0
BRH:0
end_of_record
TN:
SF:src\routes\client\client.route.ts
FNF:0
FNH:0
DA:1,4
DA:2,4
DA:5,4
DA:6,4
DA:7,4
DA:8,4
DA:9,4
DA:10,4
DA:14,4
DA:15,4
DA:16,4
DA:17,4
DA:18,4
DA:19,4
DA:23,4
LF:15
LH:15
BRF:0
BRH:0
end_of_record
TN:
SF:src\routes\client\auth\auth.route.ts
FN:27,(anonymous_0)
FN:30,(anonymous_1)
FNF:2
FNH:1
FNDA:0,(anonymous_0)
FNDA:1,(anonymous_1)
DA:2,4
DA:3,4
DA:7,4
DA:14,4
DA:20,4
DA:21,4
DA:22,4
DA:23,4
DA:24,4
DA:25,4
DA:26,4
DA:27,4
DA:28,0
DA:30,4
DA:31,1
DA:34,4
LF:16
LH:15
BRF:0
BRH:0
end_of_record
TN:
SF:src\routes\client\journal\journal.route.ts
FNF:0
FNH:0
DA:1,4
DA:2,4
DA:7,4
DA:11,4
DA:28,4
DA:45,4
DA:47,4
DA:48,4
DA:50,4
DA:51,4
DA:53,4
DA:54,4
DA:56,4
DA:57,4
DA:59,4
DA:60,4
DA:62,4
DA:63,4
DA:65,4
DA:66,4
DA:68,4
DA:69,4
DA:71,4
DA:72,4
DA:76,4
DA:77,4
DA:79,4
DA:80,4
DA:82,4
DA:83,4
DA:85,4
DA:86,4
DA:88,4
DA:89,4
DA:92,4
LF:35
LH:35
BRF:0
BRH:0
end_of_record
TN:
SF:src\routes\client\payment\payment.route.ts
FNF:0
FNH:0
DA:1,4
DA:2,4
DA:4,4
DA:6,4
DA:8,4
LF:5
LH:5
BRF:0
BRH:0
end_of_record
TN:
SF:src\routes\client\psychologicalProfile\psychologicalProfile.route.ts
FNF:0
FNH:0
DA:1,4
DA:2,4
DA:6,4
DA:14,4
DA:15,4
DA:16,4
DA:18,4
LF:7
LH:7
BRF:0
BRH:0
end_of_record
TN:
SF:src\routes\client\reminder\reminder.route.ts
FNF:0
FNH:0
DA:1,4
DA:2,4
DA:5,4
DA:10,4
DA:12,4
DA:14,4
DA:16,4
DA:18,4
LF:8
LH:8
BRF:0
BRH:0
end_of_record
TN:
SF:src\routes\client\therapist\therapist.route.ts
FNF:0
FNH:0
DA:1,4
DA:2,4
DA:4,4
DA:6,4
DA:7,4
DA:11,4
LF:6
LH:6
BRF:0
BRH:0
end_of_record
TN:
SF:src\routes\therapist\therapist.route.ts
FNF:0
FNH:0
DA:1,4
DA:2,4
DA:5,4
DA:6,4
DA:7,4
DA:10,4
DA:11,4
DA:12,4
DA:17,4
LF:9
LH:9
BRF:0
BRH:0
end_of_record
TN:
SF:src\routes\therapist\auth\auth.route.ts
FN:82,(anonymous_0)
FN:87,(anonymous_1)
FNF:2
FNH:1
FNDA:0,(anonymous_0)
FNDA:1,(anonymous_1)
DA:1,4
DA:2,4
DA:4,4
DA:5,4
DA:7,4
DA:43,4
DA:68,4
DA:70,4
DA:72,4
DA:74,4
DA:76,4
DA:78,4
DA:80,4
DA:82,4
DA:83,0
DA:86,4
DA:87,4
DA:88,1
DA:91,4
LF:19
LH:18
BRF:0
BRH:0
end_of_record
TN:
SF:src\routes\therapist\communityForum\comment.route.ts
FNF:0
FNH:0
DA:1,4
DA:2,4
DA:4,4
DA:15,4
DA:17,4
DA:19,4
DA:21,4
DA:23,4
DA:25,4
DA:27,4
DA:29,4
DA:31,4
LF:12
LH:12
BRF:0
BRH:0
end_of_record
TN:
SF:src\routes\therapist\communityForum\post.route.ts
FNF:0
FNH:0
DA:1,4
DA:2,4
DA:4,4
DA:45,4
DA:47,4
DA:49,4
DA:51,4
DA:53,4
DA:55,4
DA:57,4
DA:59,4
DA:62,4
LF:12
LH:12
BRF:0
BRH:0
end_of_record
TN:
SF:src\utils\cors.util.ts
FN:3,(anonymous_0)
FNF:1
FNH:1
FNDA:4,(anonymous_0)
DA:3,4
DA:4,4
DA:5,4
DA:6,4
DA:7,4
LF:5
LH:5
BRF:0
BRH:0
end_of_record
TN:
SF:src\utils\sendmail.util.ts
FN:4,(anonymous_1)
FN:42,(anonymous_2)
FNF:2
FNH:0
FNDA:0,(anonymous_1)
FNDA:0,(anonymous_2)
DA:1,4
DA:3,4
DA:4,4
DA:8,0
DA:9,0
DA:11,0
DA:13,0
DA:22,0
DA:33,0
DA:37,0
DA:39,0
DA:40,0
DA:42,4
DA:45,0
DA:54,0
DA:55,0
DA:57,0
DA:59,0
DA:70,0
DA:74,0
LF:20
LH:4
BRDA:8,0,0,0
BRDA:8,0,1,0
BRDA:54,1,0,0
BRDA:54,1,1,0
BRF:4
BRH:0
end_of_record
TN:
SF:src\utils\swagger.util.ts
FNF:0
FNH:0
DA:1,4
LF:1
LH:1
BRF:0
BRH:0
end_of_record
